#
# There is insufficient memory for the Java Runtime Environment to continue.
# Native memory allocation (malloc) failed to allocate 32744 bytes for ChunkPool::allocate
# Possible reasons:
#   The system is out of physical RAM or swap space
#   The process is running with CompressedOops enabled, and the Java Heap may be blocking the growth of the native heap
# Possible solutions:
#   Reduce memory load on the system
#   Increase physical memory or swap space
#   Check if swap backing store is full
#   Decrease Java heap size (-Xmx/-Xms)
#   Decrease number of Java threads
#   Decrease Java thread stack sizes (-Xss)
#   Set larger code cache with -XX:ReservedCodeCacheSize=
#   JVM is running with Zero Based Compressed Oops mode in which the Java heap is
#     placed in the first 32GB address space. The Java Heap base address is the
#     maximum limit for the native heap growth. Please use -XX:HeapBaseMinAddress
#     to set the Java Heap base and to place the Java Heap above 32GB virtual address.
# This output file may be truncated or incomplete.
#
#  Out of Memory Error (allocation.cpp:273), pid=1580, tid=0x0000000000001c28
#
# JRE version: Java(TM) SE Runtime Environment (8.0_192-b12) (build 1.8.0_192-b12)
# Java VM: Java HotSpot(TM) 64-Bit Server VM (25.192-b12 mixed mode windows-amd64 compressed oops)
# Failed to write core dump. Minidumps are not enabled by default on client versions of Windows
#

---------------  T H R E A D  ---------------

Current thread (0x000000001dc2a000):  JavaThread "C1 CompilerThread2" daemon [_thread_in_native, id=7208, stack(0x000000001dfd0000,0x000000001e0d0000)]

Stack: [0x000000001dfd0000,0x000000001e0d0000]
[error occurred during error reporting (printing stack bounds), id 0xc0000005]

Native frames: (J=compiled Java code, j=interpreted, Vv=VM code, C=native code)


Current CompileTask:
C1:  54588 6965       3      
[error occurred during error reporting (printing current compile task), id 0xe0000001]


---------------  P R O C E S S  ---------------

Java Threads: ( => current thread )
  0x00000000255ec000 JavaThread "block-manager-ask-thread-pool-5" daemon [_thread_blocked, id=5212, stack(0x000000002b4d0000,0x000000002b5d0000)]
  0x00000000255f3000 JavaThread "block-manager-ask-thread-pool-4" daemon [_thread_blocked, id=11544, stack(0x000000002b3d0000,0x000000002b4d0000)]
  0x00000000255ed000 JavaThread "block-manager-slave-async-thread-pool-5" daemon [_thread_blocked, id=14308, stack(0x000000002b2d0000,0x000000002b3d0000)]
  0x00000000255f2000 JavaThread "block-manager-slave-async-thread-pool-4" daemon [_thread_blocked, id=5124, stack(0x000000002b1d0000,0x000000002b2d0000)]
  0x00000000255f0800 JavaThread "block-manager-ask-thread-pool-3" daemon [_thread_blocked, id=17320, stack(0x000000002b0d0000,0x000000002b1d0000)]
  0x00000000255ef000 JavaThread "block-manager-slave-async-thread-pool-3" daemon [_thread_blocked, id=14928, stack(0x000000002afd0000,0x000000002b0d0000)]
  0x00000000255ed800 JavaThread "block-manager-ask-thread-pool-2" daemon [_thread_blocked, id=10080, stack(0x000000002aed0000,0x000000002afd0000)]
  0x00000000255f1800 JavaThread "block-manager-ask-thread-pool-1" daemon [_thread_blocked, id=11600, stack(0x000000002add0000,0x000000002aed0000)]
  0x00000000255f0000 JavaThread "block-manager-slave-async-thread-pool-2" daemon [_thread_blocked, id=7004, stack(0x000000002acd0000,0x000000002add0000)]
  0x00000000255e7800 JavaThread "block-manager-slave-async-thread-pool-1" daemon [_thread_blocked, id=9164, stack(0x000000002abd0000,0x000000002acd0000)]
  0x00000000255ee800 JavaThread "block-manager-slave-async-thread-pool-0" daemon [_thread_blocked, id=5804, stack(0x000000002aad0000,0x000000002abd0000)]
  0x00000000255e6000 JavaThread "block-manager-ask-thread-pool-0" daemon [_thread_blocked, id=1340, stack(0x000000002a9d0000,0x000000002aad0000)]
  0x00000000255ea800 JavaThread "task-result-getter-3" daemon [_thread_blocked, id=16500, stack(0x000000002a4d0000,0x000000002a5d0000)]
  0x00000000255ea000 JavaThread "task-result-getter-2" daemon [_thread_blocked, id=18064, stack(0x000000002a3d0000,0x000000002a4d0000)]
  0x00000000255e5800 JavaThread "task-result-getter-1" daemon [_thread_blocked, id=5384, stack(0x000000002a2d0000,0x000000002a3d0000)]
  0x00000000255e9000 JavaThread "task-result-getter-0" daemon [_thread_blocked, id=16300, stack(0x000000002a1d0000,0x000000002a2d0000)]
  0x00000000255e8800 JavaThread "Executor task launch worker for task 3" daemon [_thread_blocked, id=18244, stack(0x0000000029ed0000,0x0000000029fd0000)]
  0x00000000255e7000 JavaThread "Executor task launch worker for task 8" daemon [_thread_blocked, id=9572, stack(0x0000000029dd0000,0x0000000029ed0000)]
  0x00000000255eb800 JavaThread "Executor task launch worker for task 6" daemon [_thread_blocked, id=12104, stack(0x0000000029cd0000,0x0000000029dd0000)]
  0x000000001fb29800 JavaThread "Executor task launch worker for task 7" daemon [_thread_blocked, id=6768, stack(0x0000000029bd0000,0x0000000029cd0000)]
  0x000000001fb29000 JavaThread "org.apache.hadoop.fs.FileSystem$Statistics$StatisticsDataReferenceCleaner" daemon [_thread_blocked, id=12808, stack(0x0000000028ed0000,0x0000000028fd0000)]
  0x000000001fb2c000 JavaThread "spark-listener-group-streams" daemon [_thread_blocked, id=11220, stack(0x0000000025d80000,0x0000000025e80000)]
  0x000000001fb27800 JavaThread "spark-listener-group-shared" daemon [_thread_blocked, id=10684, stack(0x0000000024ab0000,0x0000000024bb0000)]
  0x000000001fb26800 JavaThread "element-tracking-store-worker" daemon [_thread_blocked, id=8292, stack(0x00000000239e0000,0x0000000023ae0000)]
  0x000000001fb2c800 JavaThread "spark-listener-group-executorManagement" daemon [_thread_blocked, id=4100, stack(0x00000000238e0000,0x00000000239e0000)]
  0x000000001fb2d800 JavaThread "spark-listener-group-appStatus" daemon [_thread_blocked, id=1412, stack(0x00000000237e0000,0x00000000238e0000)]
  0x000000001fb2a800 JavaThread "context-cleaner-periodic-gc" daemon [_thread_blocked, id=18408, stack(0x00000000236e0000,0x00000000237e0000)]
  0x000000001fb1f000 JavaThread "Spark Context Cleaner" daemon [_thread_blocked, id=2240, stack(0x00000000235e0000,0x00000000236e0000)]
  0x000000001fb26000 JavaThread "shuffle-server-5-1" daemon [_thread_in_native, id=7464, stack(0x00000000230e0000,0x00000000231e0000)]
  0x000000001fb1e000 JavaThread "driver-heartbeater" daemon [_thread_blocked, id=11916, stack(0x0000000022fe0000,0x00000000230e0000)]
  0x000000001fb23000 JavaThread "dag-scheduler-event-loop" daemon [_thread_blocked, id=17272, stack(0x0000000022ee0000,0x0000000022fe0000)]
  0x000000001fb25000 JavaThread "netty-rpc-env-timeout" daemon [_thread_blocked, id=5768, stack(0x0000000022be0000,0x0000000022ce0000)]
  0x000000001fb23800 JavaThread "Timer-1" daemon [_thread_blocked, id=14020, stack(0x0000000022ae0000,0x0000000022be0000)]
  0x000000001fb24800 JavaThread "Timer-0" daemon [_thread_blocked, id=17496, stack(0x00000000229e0000,0x0000000022ae0000)]
  0x000000001fb22000 JavaThread "heartbeat-receiver-event-loop-thread" daemon [_thread_blocked, id=15132, stack(0x00000000228e0000,0x00000000229e0000)]
  0x000000001fb21800 JavaThread "SparkUI-35" daemon [_thread_blocked, id=11400, stack(0x00000000227e0000,0x00000000228e0000)]
  0x000000001fb20800 JavaThread "SparkUI-34" daemon [_thread_blocked, id=4468, stack(0x00000000226e0000,0x00000000227e0000)]
  0x000000001fb20000 JavaThread "SparkUI-33" daemon [_thread_blocked, id=7780, stack(0x00000000225e0000,0x00000000226e0000)]
  0x000000001d4dd800 JavaThread "SparkUI-32" daemon [_thread_blocked, id=19128, stack(0x00000000224e0000,0x00000000225e0000)]
  0x000000001d4dc000 JavaThread "SparkUI-31" daemon [_thread_blocked, id=3720, stack(0x00000000223e0000,0x00000000224e0000)]
  0x000000001d4dd000 JavaThread "SparkUI-30-acceptor-0@7e117f88-Spark@70d69e3a{HTTP/1.1,[http/1.1]}{0.0.0.0:4040}" daemon [_thread_in_native, id=17240, stack(0x00000000222e0000,0x00000000223e0000)]
  0x000000001d4db800 JavaThread "SparkUI-29" daemon [_thread_in_native, id=3904, stack(0x00000000221e0000,0x00000000222e0000)]
  0x000000001d4da800 JavaThread "SparkUI-28" daemon [_thread_in_native, id=7872, stack(0x00000000220e0000,0x00000000221e0000)]
  0x000000001d4d9000 JavaThread "RemoteBlock-temp-file-clean-thread" daemon [_thread_blocked, id=14056, stack(0x0000000021de0000,0x0000000021ee0000)]
  0x000000001d4da000 JavaThread "map-output-dispatcher-7" daemon [_thread_blocked, id=7728, stack(0x0000000021be0000,0x0000000021ce0000)]
  0x000000001d4df000 JavaThread "map-output-dispatcher-6" daemon [_thread_blocked, id=15308, stack(0x0000000021ae0000,0x0000000021be0000)]
  0x000000001d4de800 JavaThread "map-output-dispatcher-5" daemon [_thread_blocked, id=1260, stack(0x00000000219e0000,0x0000000021ae0000)]
  0x000000001d4d8800 JavaThread "map-output-dispatcher-4" daemon [_thread_blocked, id=17660, stack(0x00000000218e0000,0x00000000219e0000)]
  0x000000001ee7b800 JavaThread "map-output-dispatcher-3" daemon [_thread_blocked, id=2668, stack(0x00000000217e0000,0x00000000218e0000)]
  0x000000001ee7b000 JavaThread "map-output-dispatcher-2" daemon [_thread_blocked, id=1264, stack(0x00000000216e0000,0x00000000217e0000)]
  0x000000001ee78800 JavaThread "map-output-dispatcher-1" daemon [_thread_blocked, id=18080, stack(0x00000000215e0000,0x00000000216e0000)]
  0x000000001ee77800 JavaThread "map-output-dispatcher-0" daemon [_thread_blocked, id=9892, stack(0x00000000214e0000,0x00000000215e0000)]
  0x000000001ee09000 JavaThread "rpc-server-3-1" daemon [_thread_in_native, id=11900, stack(0x00000000213e0000,0x00000000214e0000)]
  0x000000001e7cd800 JavaThread "dispatcher-event-loop-3" daemon [_thread_blocked, id=9980, stack(0x0000000020ec0000,0x0000000020fc0000)]
  0x000000001e7cc800 JavaThread "dispatcher-event-loop-2" daemon [_thread_blocked, id=16068, stack(0x0000000020dc0000,0x0000000020ec0000)]
  0x000000001e7cc000 JavaThread "dispatcher-event-loop-1" daemon [_thread_blocked, id=7212, stack(0x0000000020cc0000,0x0000000020dc0000)]
  0x000000001ec29000 JavaThread "dispatcher-event-loop-0" daemon [_thread_blocked, id=6996, stack(0x0000000020bc0000,0x0000000020cc0000)]
  0x000000001dcbe800 JavaThread "Service Thread" daemon [_thread_blocked, id=11656, stack(0x000000001f0a0000,0x000000001f1a0000)]
=>0x000000001dc2a000 JavaThread "C1 CompilerThread2" daemon [_thread_in_native, id=7208, stack(0x000000001dfd0000,0x000000001e0d0000)]
  0x000000001dc27000 JavaThread "C2 CompilerThread1" daemon [_thread_in_native, id=11500, stack(0x000000001ded0000,0x000000001dfd0000)]
  0x000000001db2e000 JavaThread "C2 CompilerThread0" daemon [_thread_in_native, id=7460, stack(0x000000001ddd0000,0x000000001ded0000)]
  0x000000001db2c800 JavaThread "Monitor Ctrl-Break" daemon [_thread_in_native, id=17128, stack(0x000000001dcd0000,0x000000001ddd0000)]
  0x000000001bb2e000 JavaThread "Attach Listener" daemon [_thread_blocked, id=8068, stack(0x000000001d3c0000,0x000000001d4c0000)]
  0x000000001cf03800 JavaThread "Signal Dispatcher" daemon [_thread_blocked, id=6576, stack(0x000000001d2c0000,0x000000001d3c0000)]
  0x000000000230e000 JavaThread "Finalizer" daemon [_thread_blocked, id=12336, stack(0x000000001cd60000,0x000000001ce60000)]
  0x000000001bae9000 JavaThread "Reference Handler" daemon [_thread_blocked, id=9664, stack(0x000000001cc60000,0x000000001cd60000)]
  0x0000000002218800 JavaThread "main" [_thread_in_vm, id=7260, stack(0x00000000020e0000,0x00000000021e0000)]

Other Threads:
  0x000000001bac7800 VMThread [stack: 0x000000001cb60000,0x000000001cc60000] [id=3276]
  0x000000001e306800 WatcherThread [stack: 0x000000001f1a0000,0x000000001f2a0000] [id=16580]

VM state:not at safepoint (normal execution)

VM Mutex/Monitor currently owned by a thread: None

heap address: 0x00000006c1200000, size: 4078 MB, Compressed Oops mode: Zero based, Oop shift amount: 3
Narrow klass base: 0x0000000000000000, Narrow klass shift: 3
Compressed class space size: 1073741824 Address: 0x00000007c0000000

Heap:
 PSYoungGen      total 1235968K, used 1066737K [0x000000076b100000, 0x00000007b6d00000, 0x00000007c0000000)
  eden space 1233920K, 86% used [0x000000076b100000,0x00000007ac2a4718,0x00000007b6600000)
  from space 2048K, 4% used [0x00000007b6b00000,0x00000007b6b18000,0x00000007b6d00000)
  to   space 3584K, 0% used [0x00000007b6600000,0x00000007b6600000,0x00000007b6980000)
 ParOldGen       total 159744K, used 28712K [0x00000006c1200000, 0x00000006cae00000, 0x000000076b100000)
  object space 159744K, 17% used [0x00000006c1200000,0x00000006c2e0a2d0,0x00000006cae00000)
 Metaspace       used 68814K, capacity 69448K, committed 69632K, reserved 1107968K
  class space    used 10230K, capacity 10387K, committed 10496K, reserved 1048576K

Card table byte_map: [0x00000000118a0000,0x00000000120a0000] byte_map_base: 0x000000000e297000

Marking Bits: (ParMarkBitMap*) 0x0000000059d53ce0
 Begin Bits: [0x00000000129f0000, 0x00000000169a8000)
 End Bits:   [0x00000000169a8000, 0x000000001a960000)

Polling page: 0x00000000005e0000

CodeCache: size=245760Kb used=17284Kb max_used=17297Kb free=228475Kb
 bounds [0x00000000024e0000, 0x00000000035e0000, 0x00000000114e0000]
 total_blobs=6679 nmethods=6072 adapters=515
 compilation: enabled

Compilation events (10 events):
Event: 54.531 Thread 0x000000001dc27000 nmethod 6968 0x0000000002e92850 code [0x0000000002e92980, 0x0000000002e929d8]
Event: 54.531 Thread 0x000000001dc27000 6950       4       scala.reflect.internal.tpe.TypeMaps$SubstMap::apply (278 bytes)
Event: 54.533 Thread 0x000000001db2e000 nmethod 6945 0x00000000035ddbd0 code [0x00000000035dddc0, 0x00000000035deb60]
Event: 54.533 Thread 0x000000001db2e000 6972       4       scala.collection.mutable.HashTable$class::nnSizeMapAdd (34 bytes)
Event: 54.534 Thread 0x000000001db2e000 nmethod 6972 0x0000000002b53d90 code [0x0000000002b53ec0, 0x0000000002b53f38]
Event: 54.534 Thread 0x000000001db2e000 6973       4       scala.collection.immutable.List::seq (5 bytes)
Event: 54.534 Thread 0x000000001db2e000 nmethod 6973 0x00000000034dcb90 code [0x00000000034dccc0, 0x00000000034dcd18]
Event: 54.536 Thread 0x000000001db2e000 6977       4       scala.collection.immutable.Stream::<init> (33 bytes)
Event: 54.539 Thread 0x000000001dc27000 nmethod 6950 0x0000000002a04cd0 code [0x0000000002a04ec0, 0x0000000002a05588]
Event: 54.539 Thread 0x000000001dc27000 6978       4       scala.collection.immutable.HashSet$HashTrieSet::updated0 (234 bytes)

GC Heap History (10 events):
Event: 47.007 GC heap before
{Heap before GC invocations=69 (full 3):
 PSYoungGen      total 1237504K, used 1234048K [0x000000076b100000, 0x00000007b6d00000, 0x00000007c0000000)
  eden space 1233920K, 100% used [0x000000076b100000,0x00000007b6600000,0x00000007b6600000)
  from space 3584K, 3% used [0x00000007b6600000,0x00000007b6620000,0x00000007b6980000)
  to   space 2048K, 0% used [0x00000007b6b00000,0x00000007b6b00000,0x00000007b6d00000)
 ParOldGen       total 159744K, used 28648K [0x00000006c1200000, 0x00000006cae00000, 0x000000076b100000)
  object space 159744K, 17% used [0x00000006c1200000,0x00000006c2dfa2d0,0x00000006cae00000)
 Metaspace       used 68588K, capacity 69232K, committed 69376K, reserved 1107968K
  class space    used 10226K, capacity 10383K, committed 10496K, reserved 1048576K
Event: 47.009 GC heap after
Heap after GC invocations=69 (full 3):
 PSYoungGen      total 1235968K, used 128K [0x000000076b100000, 0x00000007b6d00000, 0x00000007c0000000)
  eden space 1233920K, 0% used [0x000000076b100000,0x000000076b100000,0x00000007b6600000)
  from space 2048K, 6% used [0x00000007b6b00000,0x00000007b6b20000,0x00000007b6d00000)
  to   space 3584K, 0% used [0x00000007b6600000,0x00000007b6600000,0x00000007b6980000)
 ParOldGen       total 159744K, used 28688K [0x00000006c1200000, 0x00000006cae00000, 0x000000076b100000)
  object space 159744K, 17% used [0x00000006c1200000,0x00000006c2e042d0,0x00000006cae00000)
 Metaspace       used 68588K, capacity 69232K, committed 69376K, reserved 1107968K
  class space    used 10226K, capacity 10383K, committed 10496K, reserved 1048576K
}
Event: 48.064 GC heap before
{Heap before GC invocations=70 (full 3):
 PSYoungGen      total 1235968K, used 1234048K [0x000000076b100000, 0x00000007b6d00000, 0x00000007c0000000)
  eden space 1233920K, 100% used [0x000000076b100000,0x00000007b6600000,0x00000007b6600000)
  from space 2048K, 6% used [0x00000007b6b00000,0x00000007b6b20000,0x00000007b6d00000)
  to   space 3584K, 0% used [0x00000007b6600000,0x00000007b6600000,0x00000007b6980000)
 ParOldGen       total 159744K, used 28688K [0x00000006c1200000, 0x00000006cae00000, 0x000000076b100000)
  object space 159744K, 17% used [0x00000006c1200000,0x00000006c2e042d0,0x00000006cae00000)
 Metaspace       used 68588K, capacity 69232K, committed 69376K, reserved 1107968K
  class space    used 10226K, capacity 10383K, committed 10496K, reserved 1048576K
Event: 48.066 GC heap after
Heap after GC invocations=70 (full 3):
 PSYoungGen      total 1237504K, used 128K [0x000000076b100000, 0x00000007b6d00000, 0x00000007c0000000)
  eden space 1233920K, 0% used [0x000000076b100000,0x000000076b100000,0x00000007b6600000)
  from space 3584K, 3% used [0x00000007b6600000,0x00000007b6620000,0x00000007b6980000)
  to   space 2048K, 0% used [0x00000007b6b00000,0x00000007b6b00000,0x00000007b6d00000)
 ParOldGen       total 159744K, used 28696K [0x00000006c1200000, 0x00000006cae00000, 0x000000076b100000)
  object space 159744K, 17% used [0x00000006c1200000,0x00000006c2e062d0,0x00000006cae00000)
 Metaspace       used 68588K, capacity 69232K, committed 69376K, reserved 1107968K
  class space    used 10226K, capacity 10383K, committed 10496K, reserved 1048576K
}
Event: 49.120 GC heap before
{Heap before GC invocations=71 (full 3):
 PSYoungGen      total 1237504K, used 1234048K [0x000000076b100000, 0x00000007b6d00000, 0x00000007c0000000)
  eden space 1233920K, 100% used [0x000000076b100000,0x00000007b6600000,0x00000007b6600000)
  from space 3584K, 3% used [0x00000007b6600000,0x00000007b6620000,0x00000007b6980000)
  to   space 2048K, 0% used [0x00000007b6b00000,0x00000007b6b00000,0x00000007b6d00000)
 ParOldGen       total 159744K, used 28696K [0x00000006c1200000, 0x00000006cae00000, 0x000000076b100000)
  object space 159744K, 17% used [0x00000006c1200000,0x00000006c2e062d0,0x00000006cae00000)
 Metaspace       used 68588K, capacity 69232K, committed 69376K, reserved 1107968K
  class space    used 10226K, capacity 10383K, committed 10496K, reserved 1048576K
Event: 49.122 GC heap after
Heap after GC invocations=71 (full 3):
 PSYoungGen      total 1235968K, used 128K [0x000000076b100000, 0x00000007b6d00000, 0x00000007c0000000)
  eden space 1233920K, 0% used [0x000000076b100000,0x000000076b100000,0x00000007b6600000)
  from space 2048K, 6% used [0x00000007b6b00000,0x00000007b6b20000,0x00000007b6d00000)
  to   space 3584K, 0% used [0x00000007b6600000,0x00000007b6600000,0x00000007b6980000)
 ParOldGen       total 159744K, used 28696K [0x00000006c1200000, 0x00000006cae00000, 0x000000076b100000)
  object space 159744K, 17% used [0x00000006c1200000,0x00000006c2e062d0,0x00000006cae00000)
 Metaspace       used 68588K, capacity 69232K, committed 69376K, reserved 1107968K
  class space    used 10226K, capacity 10383K, committed 10496K, reserved 1048576K
}
Event: 50.523 GC heap before
{Heap before GC invocations=72 (full 3):
 PSYoungGen      total 1235968K, used 1234048K [0x000000076b100000, 0x00000007b6d00000, 0x00000007c0000000)
  eden space 1233920K, 100% used [0x000000076b100000,0x00000007b6600000,0x00000007b6600000)
  from space 2048K, 6% used [0x00000007b6b00000,0x00000007b6b20000,0x00000007b6d00000)
  to   space 3584K, 0% used [0x00000007b6600000,0x00000007b6600000,0x00000007b6980000)
 ParOldGen       total 159744K, used 28696K [0x00000006c1200000, 0x00000006cae00000, 0x000000076b100000)
  object space 159744K, 17% used [0x00000006c1200000,0x00000006c2e062d0,0x00000006cae00000)
 Metaspace       used 68605K, capacity 69250K, committed 69376K, reserved 1107968K
  class space    used 10228K, capacity 10386K, committed 10496K, reserved 1048576K
Event: 50.525 GC heap after
Heap after GC invocations=72 (full 3):
 PSYoungGen      total 1237504K, used 128K [0x000000076b100000, 0x00000007b6d00000, 0x00000007c0000000)
  eden space 1233920K, 0% used [0x000000076b100000,0x000000076b100000,0x00000007b6600000)
  from space 3584K, 3% used [0x00000007b6600000,0x00000007b6620000,0x00000007b6980000)
  to   space 2048K, 0% used [0x00000007b6b00000,0x00000007b6b00000,0x00000007b6d00000)
 ParOldGen       total 159744K, used 28704K [0x00000006c1200000, 0x00000006cae00000, 0x000000076b100000)
  object space 159744K, 17% used [0x00000006c1200000,0x00000006c2e082d0,0x00000006cae00000)
 Metaspace       used 68605K, capacity 69250K, committed 69376K, reserved 1107968K
  class space    used 10228K, capacity 10386K, committed 10496K, reserved 1048576K
}
Event: 52.664 GC heap before
{Heap before GC invocations=73 (full 3):
 PSYoungGen      total 1237504K, used 1234048K [0x000000076b100000, 0x00000007b6d00000, 0x00000007c0000000)
  eden space 1233920K, 100% used [0x000000076b100000,0x00000007b6600000,0x00000007b6600000)
  from space 3584K, 3% used [0x00000007b6600000,0x00000007b6620000,0x00000007b6980000)
  to   space 2048K, 0% used [0x00000007b6b00000,0x00000007b6b00000,0x00000007b6d00000)
 ParOldGen       total 159744K, used 28704K [0x00000006c1200000, 0x00000006cae00000, 0x000000076b100000)
  object space 159744K, 17% used [0x00000006c1200000,0x00000006c2e082d0,0x00000006cae00000)
 Metaspace       used 68605K, capacity 69250K, committed 69376K, reserved 1107968K
  class space    used 10228K, capacity 10386K, committed 10496K, reserved 1048576K
Event: 52.666 GC heap after
Heap after GC invocations=73 (full 3):
 PSYoungGen      total 1235968K, used 96K [0x000000076b100000, 0x00000007b6d00000, 0x00000007c0000000)
  eden space 1233920K, 0% used [0x000000076b100000,0x000000076b100000,0x00000007b6600000)
  from space 2048K, 4% used [0x00000007b6b00000,0x00000007b6b18000,0x00000007b6d00000)
  to   space 3584K, 0% used [0x00000007b6600000,0x00000007b6600000,0x00000007b6980000)
 ParOldGen       total 159744K, used 28712K [0x00000006c1200000, 0x00000006cae00000, 0x000000076b100000)
  object space 159744K, 17% used [0x00000006c1200000,0x00000006c2e0a2d0,0x00000006cae00000)
 Metaspace       used 68605K, capacity 69250K, committed 69376K, reserved 1107968K
  class space    used 10228K, capacity 10386K, committed 10496K, reserved 1048576K
}

Deoptimization events (10 events):
Event: 32.135 Thread 0x00000000255e7000 Uncommon trap: reason=array_check action=maybe_recompile pc=0x00000000035a5704 method=java.util.TimSort.mergeLo(IIII)V @ 375
Event: 32.135 Thread 0x00000000255e7000 Uncommon trap: reason=array_check action=maybe_recompile pc=0x00000000035a5704 method=java.util.TimSort.mergeLo(IIII)V @ 375
Event: 32.172 Thread 0x000000001fb29800 Uncommon trap: reason=array_check action=maybe_recompile pc=0x00000000035a8858 method=java.util.TimSort.mergeLo(IIII)V @ 468
Event: 32.172 Thread 0x00000000255eb800 Uncommon trap: reason=array_check action=maybe_recompile pc=0x00000000035a8858 method=java.util.TimSort.mergeLo(IIII)V @ 468
Event: 32.209 Thread 0x000000001fb29800 Uncommon trap: reason=array_check action=maybe_recompile pc=0x00000000035ab7e0 method=java.util.TimSort.mergeLo(IIII)V @ 245
Event: 32.209 Thread 0x00000000255e7000 Uncommon trap: reason=array_check action=maybe_recompile pc=0x00000000035ab7e0 method=java.util.TimSort.mergeLo(IIII)V @ 245
Event: 32.245 Thread 0x00000000255e7000 Uncommon trap: reason=array_check action=maybe_recompile pc=0x00000000035af0b0 method=java.util.TimSort.mergeLo(IIII)V @ 590
Event: 32.246 Thread 0x000000001fb29800 Uncommon trap: reason=array_check action=maybe_recompile pc=0x00000000035af0b0 method=java.util.TimSort.mergeLo(IIII)V @ 590
Event: 35.817 Thread 0x00000000255eb800 Uncommon trap: reason=unstable_if action=reinterpret pc=0x00000000035b5b60 method=java.util.TimSort.mergeLo(IIII)V @ 499
Event: 35.958 Thread 0x00000000255e7000 Uncommon trap: reason=predicate action=maybe_recompile pc=0x000000000354be90 method=java.util.TimSort.reverseRange([Ljava/lang/Object;II)V @ 8

Classes redefined (0 events):
No events

Internal exceptions (10 events):
Event: 23.828 Thread 0x00000000255eb800 Exception <a 'java/lang/NoSuchMethodError': <clinit>> (0x0000000775446898) thrown at [C:\workspace\8-2-build-windows-amd64-cygwin\jdk8u192\11897\hotspot\src\share\vm\prims\jni.cpp, line 1613]
Event: 23.832 Thread 0x00000000255eb800 Exception <a 'java/lang/NoSuchMethodError': <clinit>> (0x0000000775493f60) thrown at [C:\workspace\8-2-build-windows-amd64-cygwin\jdk8u192\11897\hotspot\src\share\vm\prims\jni.cpp, line 1613]
Event: 23.878 Thread 0x00000000255eb800 Implicit null exception at 0x0000000002e9bd46 to 0x0000000002e9c1c5
Event: 31.106 Thread 0x0000000002218800 Implicit null exception at 0x0000000002b1ed8c to 0x0000000002b1f189
Event: 31.264 Thread 0x0000000002218800 Exception <a 'java/lang/NoSuchMethodError': <clinit>> (0x000000077cf64a68) thrown at [C:\workspace\8-2-build-windows-amd64-cygwin\jdk8u192\11897\hotspot\src\share\vm\prims\jni.cpp, line 1613]
Event: 31.271 Thread 0x0000000002218800 Exception <a 'java/lang/NoSuchMethodError': <clinit>> (0x000000077cf7c0f8) thrown at [C:\workspace\8-2-build-windows-amd64-cygwin\jdk8u192\11897\hotspot\src\share\vm\prims\jni.cpp, line 1613]
Event: 31.271 Thread 0x0000000002218800 Exception <a 'java/lang/NoSuchMethodError': <clinit>> (0x000000077cf80ea8) thrown at [C:\workspace\8-2-build-windows-amd64-cygwin\jdk8u192\11897\hotspot\src\share\vm\prims\jni.cpp, line 1613]
Event: 31.309 Thread 0x00000000255eb800 Implicit null exception at 0x00000000028cba1b to 0x00000000028cbab5
Event: 35.958 Thread 0x00000000255e7000 Exception <a 'java/lang/NoSuchMethodError': <clinit>> (0x00000007854e1c88) thrown at [C:\workspace\8-2-build-windows-amd64-cygwin\jdk8u192\11897\hotspot\src\share\vm\prims\jni.cpp, line 1613]
Event: 35.959 Thread 0x00000000255e7000 Exception <a 'java/lang/NoSuchMethodError': <clinit>> (0x00000007854eda58) thrown at [C:\workspace\8-2-build-windows-amd64-cygwin\jdk8u192\11897\hotspot\src\share\vm\prims\jni.cpp, line 1613]

Events (10 events):
Event: 54.498 Thread 0x000000001dc2a000 flushing nmethod 0x0000000002f9d790
Event: 54.498 Thread 0x000000001dc2a000 flushing nmethod 0x0000000003042bd0
Event: 54.498 Thread 0x000000001dc2a000 flushing nmethod 0x0000000003117bd0
Event: 54.498 Thread 0x000000001dc2a000 flushing nmethod 0x000000000311d610
Event: 54.528 loading class org/apache/spark/sql/catalyst/expressions/TernaryExpression$$anonfun$nullable$1
Event: 54.528 loading class org/apache/spark/sql/catalyst/expressions/TernaryExpression$$anonfun$nullable$1 done
Event: 54.540 loading class com/vova/db/DataSource
Event: 54.540 loading class com/vova/db/DataSource done
Event: 54.542 loading class com/vova/db/DataSource$
Event: 54.542 loading class com/vova/db/DataSource$ done


Dynamic libraries:
0x00007ff6de8c0000 - 0x00007ff6de8f7000 	D:\java\jdk1.8.0_192\bin\java.exe
0x00007ffa59220000 - 0x00007ffa5940d000 	C:\WINDOWS\SYSTEM32\ntdll.dll
0x00007ffa590d0000 - 0x00007ffa59183000 	C:\WINDOWS\System32\KERNEL32.DLL
0x00007ffa552f0000 - 0x00007ffa55583000 	C:\WINDOWS\System32\KERNELBASE.dll
0x00007ffa56d40000 - 0x00007ffa56de3000 	C:\WINDOWS\System32\ADVAPI32.dll
0x00007ffa57420000 - 0x00007ffa574be000 	C:\WINDOWS\System32\msvcrt.dll
0x00007ffa56860000 - 0x00007ffa568fe000 	C:\WINDOWS\System32\sechost.dll
0x00007ffa58fa0000 - 0x00007ffa590c2000 	C:\WINDOWS\System32\RPCRT4.dll
0x00007ffa56ab0000 - 0x00007ffa56c47000 	C:\WINDOWS\System32\USER32.dll
0x00007ffa56200000 - 0x00007ffa56220000 	C:\WINDOWS\System32\win32u.dll
0x00007ffa56df0000 - 0x00007ffa56e19000 	C:\WINDOWS\System32\GDI32.dll
0x00007ffa55770000 - 0x00007ffa5590a000 	C:\WINDOWS\System32\gdi32full.dll
0x00007ffa56130000 - 0x00007ffa561d0000 	C:\WINDOWS\System32\msvcp_win.dll
0x00007ffa56220000 - 0x00007ffa5631a000 	C:\WINDOWS\System32\ucrtbase.dll
0x00007ffa4bc40000 - 0x00007ffa4beb9000 	C:\WINDOWS\WinSxS\amd64_microsoft.windows.common-controls_6595b64144ccf1df_6.0.17763.557_none_05b63f68071e5b9f\COMCTL32.dll
0x00007ffa564b0000 - 0x00007ffa567dc000 	C:\WINDOWS\System32\combase.dll
0x00007ffa563d0000 - 0x00007ffa5644e000 	C:\WINDOWS\System32\bcryptPrimitives.dll
0x00007ffa56c50000 - 0x00007ffa56c7e000 	C:\WINDOWS\System32\IMM32.DLL
0x000000005bc70000 - 0x000000005bd41000 	D:\java\jdk1.8.0_192\jre\bin\msvcr100.dll
0x0000000059530000 - 0x0000000059dd3000 	D:\java\jdk1.8.0_192\jre\bin\server\jvm.dll
0x00007ffa56ee0000 - 0x00007ffa56ee8000 	C:\WINDOWS\System32\PSAPI.DLL
0x00007ffa43530000 - 0x00007ffa43539000 	C:\WINDOWS\SYSTEM32\WSOCK32.dll
0x00007ffa574c0000 - 0x00007ffa5752d000 	C:\WINDOWS\System32\WS2_32.dll
0x00007ffa51fd0000 - 0x00007ffa51ff4000 	C:\WINDOWS\SYSTEM32\WINMM.dll
0x00007ffa4fe20000 - 0x00007ffa4fe2a000 	C:\WINDOWS\SYSTEM32\VERSION.dll
0x00007ffa51fa0000 - 0x00007ffa51fcd000 	C:\WINDOWS\SYSTEM32\WINMMBASE.dll
0x00007ffa55930000 - 0x00007ffa5597a000 	C:\WINDOWS\System32\cfgmgr32.dll
0x00007ffa4d1f0000 - 0x00007ffa4d1ff000 	D:\java\jdk1.8.0_192\jre\bin\verify.dll
0x00007ffa4d1c0000 - 0x00007ffa4d1e9000 	D:\java\jdk1.8.0_192\jre\bin\java.dll
0x00007ffa4d090000 - 0x00007ffa4d0b3000 	D:\java\jdk1.8.0_192\jre\bin\instrument.dll
0x00007ffa4d170000 - 0x00007ffa4d186000 	D:\java\jdk1.8.0_192\jre\bin\zip.dll
0x00007ffa57530000 - 0x00007ffa58a20000 	C:\WINDOWS\System32\SHELL32.dll
0x00007ffa57370000 - 0x00007ffa57418000 	C:\WINDOWS\System32\shcore.dll
0x00007ffa559e0000 - 0x00007ffa5612a000 	C:\WINDOWS\System32\windows.storage.dll
0x00007ffa55260000 - 0x00007ffa55284000 	C:\WINDOWS\System32\profapi.dll
0x00007ffa55290000 - 0x00007ffa552ed000 	C:\WINDOWS\System32\powrprof.dll
0x00007ffa59190000 - 0x00007ffa591e2000 	C:\WINDOWS\System32\shlwapi.dll
0x00007ffa55220000 - 0x00007ffa55231000 	C:\WINDOWS\System32\kernel.appcore.dll
0x00007ffa55910000 - 0x00007ffa55927000 	C:\WINDOWS\System32\cryptsp.dll
0x00007ffa4d020000 - 0x00007ffa4d03a000 	D:\Program Files\IntelliJ IDEA 2018.2\bin\breakgen64.dll
0x00007ffa4cd10000 - 0x00007ffa4cd2a000 	D:\java\jdk1.8.0_192\jre\bin\net.dll
0x00007ffa54a50000 - 0x00007ffa54ab7000 	C:\WINDOWS\system32\mswsock.dll
0x00007ffa44f40000 - 0x00007ffa44f56000 	C:\WINDOWS\system32\napinsp.dll
0x00007ffa4dd10000 - 0x00007ffa4dd2a000 	C:\WINDOWS\system32\pnrpnsp.dll
0x00007ffa547b0000 - 0x00007ffa54876000 	C:\WINDOWS\SYSTEM32\DNSAPI.dll
0x00007ffa56c80000 - 0x00007ffa56c88000 	C:\WINDOWS\System32\NSI.dll
0x00007ffa54760000 - 0x00007ffa5479d000 	C:\WINDOWS\SYSTEM32\IPHLPAPI.DLL
0x00007ffa4d640000 - 0x00007ffa4d64e000 	C:\WINDOWS\System32\winrnr.dll
0x00007ffa51c20000 - 0x00007ffa51c3b000 	C:\WINDOWS\system32\NLAapi.dll
0x00007ffa43f30000 - 0x00007ffa43f45000 	C:\WINDOWS\system32\wshbth.dll
0x00007ffa4db50000 - 0x00007ffa4db5a000 	C:\Windows\System32\rasadhlp.dll
0x00007ffa4dc90000 - 0x00007ffa4dd09000 	C:\WINDOWS\System32\fwpuclnt.dll
0x00007ffa561d0000 - 0x00007ffa561f6000 	C:\WINDOWS\System32\bcrypt.dll
0x00007ffa4ce50000 - 0x00007ffa4ce5d000 	D:\java\jdk1.8.0_192\jre\bin\management.dll
0x00007ffa4aa30000 - 0x00007ffa4aa4c000 	E:\bigdata\hadoop-3.0.3\bin\hadoop.dll
0x00007ffa543a0000 - 0x00007ffa543eb000 	C:\WINDOWS\SYSTEM32\AUTHZ.dll
0x00007ffa466e0000 - 0x00007ffa466f7000 	C:\WINDOWS\SYSTEM32\NETAPI32.dll
0x00007ffa547a0000 - 0x00007ffa547ae000 	C:\WINDOWS\SYSTEM32\NETUTILS.DLL
0x00007ffa4df70000 - 0x00007ffa4df88000 	C:\WINDOWS\SYSTEM32\SAMCLI.DLL
0x00007ffa4d660000 - 0x00007ffa4d668000 	D:\java\jdk1.8.0_192\jre\bin\jaas_nt.dll
0x00007ffa4ac90000 - 0x00007ffa4aca1000 	D:\java\jdk1.8.0_192\jre\bin\nio.dll
0x00007ffa545c0000 - 0x00007ffa545f3000 	C:\WINDOWS\system32\rsaenh.dll
0x00007ffa55120000 - 0x00007ffa55148000 	C:\WINDOWS\SYSTEM32\USERENV.dll
0x00007ffa54bd0000 - 0x00007ffa54bdc000 	C:\WINDOWS\SYSTEM32\CRYPTBASE.dll
0x00007ffa4e620000 - 0x00007ffa4e636000 	C:\WINDOWS\SYSTEM32\dhcpcsvc6.DLL
0x00007ffa4e660000 - 0x00007ffa4e67c000 	C:\WINDOWS\SYSTEM32\dhcpcsvc.DLL
0x00007ffa542a0000 - 0x00007ffa542d1000 	C:\WINDOWS\SYSTEM32\ntmarta.dll
0x0000000066f40000 - 0x0000000066f6d000 	C:\Users\wqkant\AppData\Local\Temp\liblz4-java6120339699080784562.so

VM Arguments:
jvm_args: -javaagent:D:\Program Files\IntelliJ IDEA 2018.2\lib\idea_rt.jar=54270:D:\Program Files\IntelliJ IDEA 2018.2\bin -Dfile.encoding=UTF-8 
java_command: com.vova.synchronize.RecallPoolReport 2019/07/13 2019/07/13
java_class_path (initial): D:\java\jdk1.8.0_192\jre\lib\charsets.jar;D:\java\jdk1.8.0_192\jre\lib\deploy.jar;D:\java\jdk1.8.0_192\jre\lib\ext\access-bridge-64.jar;D:\java\jdk1.8.0_192\jre\lib\ext\cldrdata.jar;D:\java\jdk1.8.0_192\jre\lib\ext\dnsns.jar;D:\java\jdk1.8.0_192\jre\lib\ext\jaccess.jar;D:\java\jdk1.8.0_192\jre\lib\ext\jfxrt.jar;D:\java\jdk1.8.0_192\jre\lib\ext\localedata.jar;D:\java\jdk1.8.0_192\jre\lib\ext\nashorn.jar;D:\java\jdk1.8.0_192\jre\lib\ext\sunec.jar;D:\java\jdk1.8.0_192\jre\lib\ext\sunjce_provider.jar;D:\java\jdk1.8.0_192\jre\lib\ext\sunmscapi.jar;D:\java\jdk1.8.0_192\jre\lib\ext\sunpkcs11.jar;D:\java\jdk1.8.0_192\jre\lib\ext\zipfs.jar;D:\java\jdk1.8.0_192\jre\lib\javaws.jar;D:\java\jdk1.8.0_192\jre\lib\jce.jar;D:\java\jdk1.8.0_192\jre\lib\jfr.jar;D:\java\jdk1.8.0_192\jre\lib\jfxswt.jar;D:\java\jdk1.8.0_192\jre\lib\jsse.jar;D:\java\jdk1.8.0_192\jre\lib\management-agent.jar;D:\java\jdk1.8.0_192\jre\lib\plugin.jar;D:\java\jdk1.8.0_192\jre\lib\resources.jar;D:\java\jdk1.8.0_192\jre\lib\rt.jar;D:\work\report-1.0\target\scala-2.11\classes;C:\Users\wqkant\.ivy2\cache\aopalliance\aopalliance\jars\aopalliance-1.0.jar;C:\Users\wqkant\.ivy2\cache\oro\oro\jars\oro-2.0.8.jar;C:\Users\wqkant\.ivy2\cache\org.xerial.snappy\snappy-java\bundles\snappy-java-1.1.7.3.jar;C:\Users\wqkant\.ivy2\cache\org.typelevel\macro-compat_2.11\jars\macro-compat_2.11-1.1.1.jar;C:\Users\wqkant\.ivy2\cache\org.typelevel\machinist_2.11\jars\machinist_2.11-0.6.6.jar;C:\Users\wqkant\.ivy2\cache\org.typelevel\jawn-parser_2.11\jars\jawn-parser_2.11-0.14.1.jar;C:\Users\wqkant\.ivy2\cache\org.typelevel\cats-macros_2.11\jars\cats-macros_2.11-1.6.0.jar;C:\Users\wqkant\.ivy2\cache\org.typelevel\cats-kernel_2.11\jars\cats-kernel_2.11-1.6.0.jar;C:\Users\wqkant\.ivy2\cache\org.typelevel\cats-core_2.11\jars\cats-core_2.11-1.6.0.jar;C:\Users\wqkant\.ivy2\cache\org.tukaani\xz\jars\xz-1.5.jar;C:\Users\wqkant\.ivy2\cache\org.spark-project.spark\unused\jars\unused-1.0.0.jar;C:\Users\wqkant\.ivy2\c
Launcher Type: SUN_STANDARD

Environment Variables:
JAVA_HOME=D:\java\jdk1.8.0_192
CLASSPATH=.;D:\java\jdk1.8.0_192\lib;D:\java\jdk1.8.0_192\lib\tools.jar
PATH=E:\anaconda;E:\anaconda\Library\mingw-w64\bin;E:\anaconda\Library\usr\bin;E:\anaconda\Library\bin;E:\anaconda\Scripts;D:\Program Files\xshell\;C:\ProgramData\DockerDesktop\version-bin;C:\Program Files\Docker\Docker\Resources\bin;C:\Program Files (x86)\Common Files\Oracle\Java\javapath;C:\ProgramData\Oracle\Java\javapath;C:\WINDOWS\system32;C:\WINDOWS;C:\WINDOWS\System32\Wbem;C:\WINDOWS\System32\WindowsPowerShell\v1.0\;C:\Program Files\Git\cmd;D:\java\jdk1.8.0_192\bin;D:\Program Files\apache-maven-3.6.0\bin;D:\Program Files\apache-tomcat-8.5.32\bin;D:\Program Files\apache-tomcat-8.5.32\lib;C:\ProgramData\ComposerSetup\bin;C:\Program Files\nodejs\;D:\elk\elasticsearch-6.3.2\bin;D:\zwnmp\php5.6;D:\zwnmp\php5.6\ext;C:\Program Files (x86)\Yarn\bin\;C:\Program Files\Microsoft VS Code\bin;D:\zwnmp\;C:\Program Files\MySQL\MySQL Utilities 1.6\;C:\Program Files (x86)\scala\bin;C:\WINDOWS\System32\OpenSSH\;E:\bigdata\hadoop-3.0.3\bin;D:\bigdata\spark-2.4.0-bin-hadoop2.7\bin;D:\java\jdk1.8.0_192\jre;D:\bigdata\Amazon\AWSCLI;D:\bigdata\Amazon\AWSCLI\bin;C:\Program Files (x86)\sbt\bin;D:\bigdata\gatling-charts-highcharts-bundle-3.0.0\bin;D:\Program Files\Vagrant\bin;%HIVE_HOME%\bin;D:\Program Files\;D:\Go\bin;C:\Users\wqkant\AppData\Local\Microsoft\WindowsApps;C:\Users\wqkant\AppData\Roaming\Composer\vendor\bin;C:\Users\wqkant\AppData\Roaming\npm;C:\Users\wqkant\AppData\Local\Yarn\bin;C:\Users\wqkant\go\bin;D:\Program Files\GoLand 2018.3.3\bin;;
USERNAME=wqkant
OS=Windows_NT
PROCESSOR_IDENTIFIER=Intel64 Family 6 Model 94 Stepping 3, GenuineIntel



---------------  S Y S T E M  ---------------

OS: Windows 10.0 , 64 bit Build 17763 (10.0.17763.475)

CPU:total 4 (initial active 4) (4 cores per cpu, 1 threads per core) family 6 model 94 stepping 3, cmov, cx8, fxsr, mmx, sse, sse2, sse3, ssse3, sse4.1, sse4.2, popcnt, avx, avx2, aes, clmul, erms, rtm, 3dnowpref, lzcnt, tsc, tscinvbit, bmi1, bmi2, adx

Memory: 4k page, physical 16700344k(2353980k free), swap 32327072k(5180k free)

vm_info: Java HotSpot(TM) 64-Bit Server VM (25.192-b12) for windows-amd64 JRE (1.8.0_192-b12), built on Oct  6 2018 17:12:23 by "java_re" with MS VC++ 10.0 (VS2010)

time: Sat Jul 13 17:59:12 2019
timezone: 中国标准时间
elapsed time: 54 seconds (0d 0h 0m 54s)

