#
# There is insufficient memory for the Java Runtime Environment to continue.
# Native memory allocation (malloc) failed to allocate 32744 bytes for ChunkPool::allocate
# Possible reasons:
#   The system is out of physical RAM or swap space
#   The process is running with CompressedOops enabled, and the Java Heap may be blocking the growth of the native heap
# Possible solutions:
#   Reduce memory load on the system
#   Increase physical memory or swap space
#   Check if swap backing store is full
#   Decrease Java heap size (-Xmx/-Xms)
#   Decrease number of Java threads
#   Decrease Java thread stack sizes (-Xss)
#   Set larger code cache with -XX:ReservedCodeCacheSize=
#   JVM is running with Zero Based Compressed Oops mode in which the Java heap is
#     placed in the first 32GB address space. The Java Heap base address is the
#     maximum limit for the native heap growth. Please use -XX:HeapBaseMinAddress
#     to set the Java Heap base and to place the Java Heap above 32GB virtual address.
# This output file may be truncated or incomplete.
#
#  Out of Memory Error (allocation.cpp:273), pid=12468, tid=0x000000000000428c
#
# JRE version: Java(TM) SE Runtime Environment (8.0_192-b12) (build 1.8.0_192-b12)
# Java VM: Java HotSpot(TM) 64-Bit Server VM (25.192-b12 mixed mode windows-amd64 compressed oops)
# Failed to write core dump. Minidumps are not enabled by default on client versions of Windows
#

---------------  T H R E A D  ---------------

Current thread (0x000000001de9f000):  JavaThread "C1 CompilerThread2" daemon [_thread_in_native, id=17036, stack(0x000000001e230000,0x000000001e330000)]

Stack: [0x000000001e230000,0x000000001e330000]
[error occurred during error reporting (printing stack bounds), id 0xc0000005]

Native frames: (J=compiled Java code, j=interpreted, Vv=VM code, C=native code)


Current CompileTask:
C1:  53049 6915       3       org.apache.spark.sql.catalyst.analysis.DecimalPrecision$$anonfun$1::applyOrElse (1900 bytes)


---------------  P R O C E S S  ---------------

Java Threads: ( => current thread )
  0x0000000020b02000 JavaThread "block-manager-ask-thread-pool-5" daemon [_thread_blocked, id=8904, stack(0x000000002b500000,0x000000002b600000)]
  0x0000000020afd800 JavaThread "block-manager-ask-thread-pool-4" daemon [_thread_blocked, id=12340, stack(0x000000002b400000,0x000000002b500000)]
  0x0000000020afe000 JavaThread "block-manager-slave-async-thread-pool-5" daemon [_thread_blocked, id=10388, stack(0x000000002b300000,0x000000002b400000)]
  0x0000000020aff000 JavaThread "block-manager-slave-async-thread-pool-4" daemon [_thread_blocked, id=19072, stack(0x000000002b200000,0x000000002b300000)]
  0x0000000027073800 JavaThread "block-manager-slave-async-thread-pool-3" daemon [_thread_blocked, id=12624, stack(0x000000002b100000,0x000000002b200000)]
  0x0000000027073000 JavaThread "block-manager-ask-thread-pool-3" daemon [_thread_blocked, id=14224, stack(0x000000002b000000,0x000000002b100000)]
  0x000000002706b800 JavaThread "block-manager-ask-thread-pool-2" daemon [_thread_blocked, id=6604, stack(0x000000002af00000,0x000000002b000000)]
  0x0000000027071800 JavaThread "block-manager-ask-thread-pool-1" daemon [_thread_blocked, id=18016, stack(0x000000002ae00000,0x000000002af00000)]
  0x0000000027070800 JavaThread "block-manager-slave-async-thread-pool-2" daemon [_thread_blocked, id=12996, stack(0x000000002ad00000,0x000000002ae00000)]
  0x0000000027070000 JavaThread "block-manager-slave-async-thread-pool-1" daemon [_thread_blocked, id=18548, stack(0x000000002ac00000,0x000000002ad00000)]
  0x000000002706e800 JavaThread "block-manager-slave-async-thread-pool-0" daemon [_thread_blocked, id=16852, stack(0x000000002ab00000,0x000000002ac00000)]
  0x0000000027072000 JavaThread "block-manager-ask-thread-pool-0" daemon [_thread_blocked, id=17904, stack(0x000000002aa00000,0x000000002ab00000)]
  0x0000000027069000 JavaThread "task-result-getter-3" daemon [_thread_blocked, id=8056, stack(0x000000002a700000,0x000000002a800000)]
  0x000000002706d800 JavaThread "task-result-getter-2" daemon [_thread_blocked, id=14200, stack(0x000000002a600000,0x000000002a700000)]
  0x000000002706d000 JavaThread "task-result-getter-1" daemon [_thread_blocked, id=14380, stack(0x000000002a500000,0x000000002a600000)]
  0x0000000027065000 JavaThread "task-result-getter-0" daemon [_thread_blocked, id=15240, stack(0x000000002a400000,0x000000002a500000)]
  0x000000002706a800 JavaThread "Executor task launch worker for task 3" daemon [_thread_blocked, id=13256, stack(0x000000002a100000,0x000000002a200000)]
  0x0000000027066000 JavaThread "Executor task launch worker for task 8" daemon [_thread_blocked, id=16684, stack(0x000000002a000000,0x000000002a100000)]
  0x0000000027067800 JavaThread "Executor task launch worker for task 6" daemon [_thread_blocked, id=11576, stack(0x0000000029f00000,0x000000002a000000)]
  0x000000002706c000 JavaThread "Executor task launch worker for task 7" daemon [_thread_blocked, id=12748, stack(0x0000000029e00000,0x0000000029f00000)]
  0x0000000027068800 JavaThread "org.apache.hadoop.fs.FileSystem$Statistics$StatisticsDataReferenceCleaner" daemon [_thread_blocked, id=7684, stack(0x0000000026380000,0x0000000026480000)]
  0x0000000027066800 JavaThread "spark-listener-group-streams" daemon [_thread_blocked, id=10688, stack(0x0000000025fb0000,0x00000000260b0000)]
  0x000000001f1e6800 JavaThread "spark-listener-group-shared" daemon [_thread_blocked, id=13348, stack(0x0000000024ce0000,0x0000000024de0000)]
  0x000000001f1e5800 JavaThread "element-tracking-store-worker" daemon [_thread_blocked, id=14712, stack(0x0000000023c10000,0x0000000023d10000)]
  0x000000001f1e7000 JavaThread "spark-listener-group-executorManagement" daemon [_thread_blocked, id=14844, stack(0x0000000023b10000,0x0000000023c10000)]
  0x000000001f1e8000 JavaThread "spark-listener-group-appStatus" daemon [_thread_blocked, id=18056, stack(0x0000000023a10000,0x0000000023b10000)]
  0x000000001f1e4800 JavaThread "context-cleaner-periodic-gc" daemon [_thread_blocked, id=14396, stack(0x0000000023910000,0x0000000023a10000)]
  0x000000001f1e4000 JavaThread "Spark Context Cleaner" daemon [_thread_blocked, id=14936, stack(0x0000000023810000,0x0000000023910000)]
  0x000000001f1dc800 JavaThread "shuffle-server-5-1" daemon [_thread_in_native, id=7124, stack(0x0000000023310000,0x0000000023410000)]
  0x000000001f1e3000 JavaThread "driver-heartbeater" daemon [_thread_blocked, id=19436, stack(0x0000000023210000,0x0000000023310000)]
  0x000000001f1db800 JavaThread "dag-scheduler-event-loop" daemon [_thread_blocked, id=2352, stack(0x0000000023110000,0x0000000023210000)]
  0x000000001f1e2800 JavaThread "netty-rpc-env-timeout" daemon [_thread_blocked, id=8936, stack(0x0000000022e10000,0x0000000022f10000)]
  0x000000001f1db000 JavaThread "Timer-1" daemon [_thread_blocked, id=10536, stack(0x0000000022d10000,0x0000000022e10000)]
  0x000000001f1e1800 JavaThread "Timer-0" daemon [_thread_blocked, id=18288, stack(0x0000000022c10000,0x0000000022d10000)]
  0x000000001f1da000 JavaThread "heartbeat-receiver-event-loop-thread" daemon [_thread_blocked, id=9112, stack(0x0000000022b10000,0x0000000022c10000)]
  0x000000001f1e0000 JavaThread "SparkUI-35" daemon [_thread_blocked, id=17380, stack(0x0000000022a10000,0x0000000022b10000)]
  0x000000001f1e1000 JavaThread "SparkUI-34" daemon [_thread_blocked, id=8308, stack(0x0000000022910000,0x0000000022a10000)]
  0x000000001f1de000 JavaThread "SparkUI-33" daemon [_thread_blocked, id=12612, stack(0x0000000022810000,0x0000000022910000)]
  0x000000001f1d8800 JavaThread "SparkUI-32" daemon [_thread_blocked, id=19236, stack(0x0000000022710000,0x0000000022810000)]
  0x000000001f1df800 JavaThread "SparkUI-31" daemon [_thread_blocked, id=15144, stack(0x0000000022610000,0x0000000022710000)]
  0x000000001f1d9800 JavaThread "SparkUI-30-acceptor-0@2eebcfe-Spark@c2952d3{HTTP/1.1,[http/1.1]}{0.0.0.0:4040}" daemon [_thread_in_native, id=18876, stack(0x0000000022510000,0x0000000022610000)]
  0x000000001f1dd000 JavaThread "SparkUI-29" daemon [_thread_in_native, id=244, stack(0x0000000022410000,0x0000000022510000)]
  0x000000001f1de800 JavaThread "SparkUI-28" daemon [_thread_in_native, id=6968, stack(0x0000000022310000,0x0000000022410000)]
  0x000000001ed07800 JavaThread "RemoteBlock-temp-file-clean-thread" daemon [_thread_blocked, id=18700, stack(0x0000000022010000,0x0000000022110000)]
  0x000000001ed05000 JavaThread "map-output-dispatcher-7" daemon [_thread_blocked, id=17600, stack(0x0000000021f10000,0x0000000022010000)]
  0x000000001ed06800 JavaThread "map-output-dispatcher-6" daemon [_thread_blocked, id=12204, stack(0x0000000021d10000,0x0000000021e10000)]
  0x000000001ed08000 JavaThread "map-output-dispatcher-5" daemon [_thread_blocked, id=15876, stack(0x0000000021c10000,0x0000000021d10000)]
  0x000000001ed06000 JavaThread "map-output-dispatcher-4" daemon [_thread_blocked, id=17644, stack(0x0000000021b10000,0x0000000021c10000)]
  0x000000001d92e000 JavaThread "map-output-dispatcher-3" daemon [_thread_blocked, id=13276, stack(0x0000000021a10000,0x0000000021b10000)]
  0x000000001d92b000 JavaThread "map-output-dispatcher-2" daemon [_thread_blocked, id=18916, stack(0x0000000021910000,0x0000000021a10000)]
  0x000000001d929000 JavaThread "map-output-dispatcher-1" daemon [_thread_blocked, id=16672, stack(0x0000000021810000,0x0000000021910000)]
  0x000000001d928000 JavaThread "map-output-dispatcher-0" daemon [_thread_blocked, id=18616, stack(0x0000000021710000,0x0000000021810000)]
  0x000000001ee8b800 JavaThread "rpc-server-3-1" daemon [_thread_in_native, id=17252, stack(0x0000000021610000,0x0000000021710000)]
  0x000000001ed20000 JavaThread "dispatcher-event-loop-3" daemon [_thread_blocked, id=12928, stack(0x0000000020140000,0x0000000020240000)]
  0x000000001ebcf800 JavaThread "dispatcher-event-loop-2" daemon [_thread_blocked, id=16924, stack(0x0000000020040000,0x0000000020140000)]
  0x000000001ebcd000 JavaThread "dispatcher-event-loop-1" daemon [_thread_blocked, id=15356, stack(0x000000001ff40000,0x0000000020040000)]
  0x000000001ebcc000 JavaThread "dispatcher-event-loop-0" daemon [_thread_blocked, id=18776, stack(0x000000001fe40000,0x000000001ff40000)]
  0x000000001e340800 JavaThread "Service Thread" daemon [_thread_blocked, id=8456, stack(0x000000001f300000,0x000000001f400000)]
=>0x000000001de9f000 JavaThread "C1 CompilerThread2" daemon [_thread_in_native, id=17036, stack(0x000000001e230000,0x000000001e330000)]
  0x000000001de99800 JavaThread "C2 CompilerThread1" daemon [_thread_blocked, id=11252, stack(0x000000001e130000,0x000000001e230000)]
  0x000000001de96800 JavaThread "C2 CompilerThread0" daemon [_thread_blocked, id=14492, stack(0x000000001e030000,0x000000001e130000)]
  0x000000001de92800 JavaThread "Monitor Ctrl-Break" daemon [_thread_in_native, id=12084, stack(0x000000001df30000,0x000000001e030000)]
  0x000000001be0c000 JavaThread "Attach Listener" daemon [_thread_blocked, id=996, stack(0x000000001d630000,0x000000001d730000)]
  0x000000001bdfb000 JavaThread "Signal Dispatcher" daemon [_thread_blocked, id=13080, stack(0x000000001d530000,0x000000001d630000)]
  0x00000000025ce000 JavaThread "Finalizer" daemon [_thread_blocked, id=9796, stack(0x000000001d030000,0x000000001d130000)]
  0x000000001bdc9000 JavaThread "Reference Handler" daemon [_thread_blocked, id=10108, stack(0x000000001cf30000,0x000000001d030000)]
  0x00000000024d8800 JavaThread "main" [_thread_in_native, id=13580, stack(0x00000000022f0000,0x00000000023f0000)]

Other Threads:
  0x000000001bda7800 VMThread [stack: 0x000000001ce30000,0x000000001cf30000] [id=7440]
  0x000000001e64d800 WatcherThread [stack: 0x000000001f400000,0x000000001f500000] [id=9744]

VM state:not at safepoint (normal execution)

VM Mutex/Monitor currently owned by a thread: None

heap address: 0x00000006c1200000, size: 4078 MB, Compressed Oops mode: Zero based, Oop shift amount: 3
Narrow klass base: 0x0000000000000000, Narrow klass shift: 3
Compressed class space size: 1073741824 Address: 0x00000007c0000000

Heap:
 PSYoungGen      total 1245696K, used 606885K [0x000000076b100000, 0x00000007b7500000, 0x00000007c0000000)
  eden space 1242112K, 48% used [0x000000076b100000,0x0000000790189700,0x00000007b6e00000)
  from space 3584K, 3% used [0x00000007b6e00000,0x00000007b6e20000,0x00000007b7180000)
  to   space 2560K, 0% used [0x00000007b7280000,0x00000007b7280000,0x00000007b7500000)
 ParOldGen       total 160768K, used 28339K [0x00000006c1200000, 0x00000006caf00000, 0x000000076b100000)
  object space 160768K, 17% used [0x00000006c1200000,0x00000006c2dacea0,0x00000006caf00000)
 Metaspace       used 68709K, capacity 69308K, committed 69632K, reserved 1107968K
  class space    used 10235K, capacity 10385K, committed 10496K, reserved 1048576K

Card table byte_map: [0x0000000011b80000,0x0000000012380000] byte_map_base: 0x000000000e577000

Marking Bits: (ParMarkBitMap*) 0x0000000059d53ce0
 Begin Bits: [0x0000000012cd0000, 0x0000000016c88000)
 End Bits:   [0x0000000016c88000, 0x000000001ac40000)

Polling page: 0x00000000009d0000

CodeCache: size=245760Kb used=16907Kb max_used=17157Kb free=228852Kb
 bounds [0x00000000027c0000, 0x00000000038a0000, 0x00000000117c0000]
 total_blobs=6569 nmethods=5962 adapters=515
 compilation: enabled

Compilation events (10 events):
Event: 53.023 Thread 0x000000001de96800 nmethod 6926 0x00000000030f8f10 code [0x00000000030f9040, 0x00000000030f9098]
Event: 53.023 Thread 0x000000001de9f000 nmethod 6921 0x0000000002e507d0 code [0x0000000002e50a00, 0x0000000002e51bf0]
Event: 53.023 Thread 0x000000001de9f000 6924       3       scala.collection.Iterator$GroupedIterator::len$2 (26 bytes)
Event: 53.024 Thread 0x000000001de9f000 nmethod 6924 0x0000000002e4e110 code [0x0000000002e4e280, 0x0000000002e4e468]
Event: 53.024 Thread 0x000000001de9f000 6912       3       org.apache.spark.sql.catalyst.analysis.CleanupAliases$::org$apache$spark$sql$catalyst$analysis$CleanupAliases$$trimAliases (15 bytes)
Event: 53.024 Thread 0x000000001de9f000 nmethod 6912 0x0000000002e2e190 code [0x0000000002e2e320, 0x0000000002e2e848]
Event: 53.024 Thread 0x000000001de9f000 6913       3       org.apache.spark.sql.catalyst.analysis.CleanupAliases$$anonfun$org$apache$spark$sql$catalyst$analysis$CleanupAliases$$trimAliases$1::<init> (5 bytes)
Event: 53.024 Thread 0x000000001de9f000 nmethod 6913 0x0000000002e2dc10 code [0x0000000002e2dd80, 0x0000000002e2e050]
Event: 53.024 Thread 0x000000001de9f000 6915       3       org.apache.spark.sql.catalyst.analysis.DecimalPrecision$$anonfun$1::applyOrElse (1900 bytes)
Event: 53.027 Thread 0x000000001de99800 nmethod 6925 0x00000000031f1a10 code [0x00000000031f1be0, 0x00000000031f1fa0]

GC Heap History (10 events):
Event: 44.817 GC heap before
{Heap before GC invocations=68 (full 3):
 PSYoungGen      total 1225216K, used 1220768K [0x000000076b100000, 0x00000007b6200000, 0x00000007c0000000)
  eden space 1220608K, 100% used [0x000000076b100000,0x00000007b5900000,0x00000007b5900000)
  from space 4608K, 3% used [0x00000007b5d80000,0x00000007b5da8000,0x00000007b6200000)
  to   space 4608K, 0% used [0x00000007b5900000,0x00000007b5900000,0x00000007b5d80000)
 ParOldGen       total 160768K, used 28247K [0x00000006c1200000, 0x00000006caf00000, 0x000000076b100000)
  object space 160768K, 17% used [0x00000006c1200000,0x00000006c2d95da8,0x00000006caf00000)
 Metaspace       used 68610K, capacity 69220K, committed 69376K, reserved 1107968K
  class space    used 10229K, capacity 10381K, committed 10496K, reserved 1048576K
Event: 44.819 GC heap after
Heap after GC invocations=68 (full 3):
 PSYoungGen      total 1225216K, used 128K [0x000000076b100000, 0x00000007b7600000, 0x00000007c0000000)
  eden space 1220608K, 0% used [0x000000076b100000,0x000000076b100000,0x00000007b5900000)
  from space 4608K, 2% used [0x00000007b5900000,0x00000007b5920000,0x00000007b5d80000)
  to   space 3584K, 0% used [0x00000007b7280000,0x00000007b7280000,0x00000007b7600000)
 ParOldGen       total 160768K, used 28295K [0x00000006c1200000, 0x00000006caf00000, 0x000000076b100000)
  object space 160768K, 17% used [0x00000006c1200000,0x00000006c2da1da8,0x00000006caf00000)
 Metaspace       used 68610K, capacity 69220K, committed 69376K, reserved 1107968K
  class space    used 10229K, capacity 10381K, committed 10496K, reserved 1048576K
}
Event: 45.846 GC heap before
{Heap before GC invocations=69 (full 3):
 PSYoungGen      total 1225216K, used 1220736K [0x000000076b100000, 0x00000007b7600000, 0x00000007c0000000)
  eden space 1220608K, 100% used [0x000000076b100000,0x00000007b5900000,0x00000007b5900000)
  from space 4608K, 2% used [0x00000007b5900000,0x00000007b5920000,0x00000007b5d80000)
  to   space 3584K, 0% used [0x00000007b7280000,0x00000007b7280000,0x00000007b7600000)
 ParOldGen       total 160768K, used 28295K [0x00000006c1200000, 0x00000006caf00000, 0x000000076b100000)
  object space 160768K, 17% used [0x00000006c1200000,0x00000006c2da1de0,0x00000006caf00000)
 Metaspace       used 68613K, capacity 69220K, committed 69376K, reserved 1107968K
  class space    used 10229K, capacity 10381K, committed 10496K, reserved 1048576K
Event: 45.848 GC heap after
Heap after GC invocations=69 (full 3):
 PSYoungGen      total 1244672K, used 96K [0x000000076b100000, 0x00000007b7500000, 0x00000007c0000000)
  eden space 1242112K, 0% used [0x000000076b100000,0x000000076b100000,0x00000007b6e00000)
  from space 2560K, 3% used [0x00000007b7280000,0x00000007b7298000,0x00000007b7500000)
  to   space 3584K, 0% used [0x00000007b6e00000,0x00000007b6e00000,0x00000007b7180000)
 ParOldGen       total 160768K, used 28311K [0x00000006c1200000, 0x00000006caf00000, 0x000000076b100000)
  object space 160768K, 17% used [0x00000006c1200000,0x00000006c2da5de0,0x00000006caf00000)
 Metaspace       used 68613K, capacity 69220K, committed 69376K, reserved 1107968K
  class space    used 10229K, capacity 10381K, committed 10496K, reserved 1048576K
}
Event: 46.909 GC heap before
{Heap before GC invocations=70 (full 3):
 PSYoungGen      total 1244672K, used 1242208K [0x000000076b100000, 0x00000007b7500000, 0x00000007c0000000)
  eden space 1242112K, 100% used [0x000000076b100000,0x00000007b6e00000,0x00000007b6e00000)
  from space 2560K, 3% used [0x00000007b7280000,0x00000007b7298000,0x00000007b7500000)
  to   space 3584K, 0% used [0x00000007b6e00000,0x00000007b6e00000,0x00000007b7180000)
 ParOldGen       total 160768K, used 28315K [0x00000006c1200000, 0x00000006caf00000, 0x000000076b100000)
  object space 160768K, 17% used [0x00000006c1200000,0x00000006c2da6ea0,0x00000006caf00000)
 Metaspace       used 68613K, capacity 69220K, committed 69376K, reserved 1107968K
  class space    used 10229K, capacity 10381K, committed 10496K, reserved 1048576K
Event: 46.911 GC heap after
Heap after GC invocations=70 (full 3):
 PSYoungGen      total 1245696K, used 128K [0x000000076b100000, 0x00000007b7500000, 0x00000007c0000000)
  eden space 1242112K, 0% used [0x000000076b100000,0x000000076b100000,0x00000007b6e00000)
  from space 3584K, 3% used [0x00000007b6e00000,0x00000007b6e20000,0x00000007b7180000)
  to   space 2560K, 0% used [0x00000007b7280000,0x00000007b7280000,0x00000007b7500000)
 ParOldGen       total 160768K, used 28323K [0x00000006c1200000, 0x00000006caf00000, 0x000000076b100000)
  object space 160768K, 17% used [0x00000006c1200000,0x00000006c2da8ea0,0x00000006caf00000)
 Metaspace       used 68613K, capacity 69220K, committed 69376K, reserved 1107968K
  class space    used 10229K, capacity 10381K, committed 10496K, reserved 1048576K
}
Event: 48.850 GC heap before
{Heap before GC invocations=71 (full 3):
 PSYoungGen      total 1245696K, used 1242240K [0x000000076b100000, 0x00000007b7500000, 0x00000007c0000000)
  eden space 1242112K, 100% used [0x000000076b100000,0x00000007b6e00000,0x00000007b6e00000)
  from space 3584K, 3% used [0x00000007b6e00000,0x00000007b6e20000,0x00000007b7180000)
  to   space 2560K, 0% used [0x00000007b7280000,0x00000007b7280000,0x00000007b7500000)
 ParOldGen       total 160768K, used 28323K [0x00000006c1200000, 0x00000006caf00000, 0x000000076b100000)
  object space 160768K, 17% used [0x00000006c1200000,0x00000006c2da8ea0,0x00000006caf00000)
 Metaspace       used 68623K, capacity 69232K, committed 69376K, reserved 1107968K
  class space    used 10230K, capacity 10383K, committed 10496K, reserved 1048576K
Event: 48.852 GC heap after
Heap after GC invocations=71 (full 3):
 PSYoungGen      total 1244672K, used 128K [0x000000076b100000, 0x00000007b7500000, 0x00000007c0000000)
  eden space 1242112K, 0% used [0x000000076b100000,0x000000076b100000,0x00000007b6e00000)
  from space 2560K, 5% used [0x00000007b7280000,0x00000007b72a0000,0x00000007b7500000)
  to   space 3584K, 0% used [0x00000007b6e00000,0x00000007b6e00000,0x00000007b7180000)
 ParOldGen       total 160768K, used 28331K [0x00000006c1200000, 0x00000006caf00000, 0x000000076b100000)
  object space 160768K, 17% used [0x00000006c1200000,0x00000006c2daaea0,0x00000006caf00000)
 Metaspace       used 68623K, capacity 69232K, committed 69376K, reserved 1107968K
  class space    used 10230K, capacity 10383K, committed 10496K, reserved 1048576K
}
Event: 51.831 GC heap before
{Heap before GC invocations=72 (full 3):
 PSYoungGen      total 1244672K, used 1242240K [0x000000076b100000, 0x00000007b7500000, 0x00000007c0000000)
  eden space 1242112K, 100% used [0x000000076b100000,0x00000007b6e00000,0x00000007b6e00000)
  from space 2560K, 5% used [0x00000007b7280000,0x00000007b72a0000,0x00000007b7500000)
  to   space 3584K, 0% used [0x00000007b6e00000,0x00000007b6e00000,0x00000007b7180000)
 ParOldGen       total 160768K, used 28331K [0x00000006c1200000, 0x00000006caf00000, 0x000000076b100000)
  object space 160768K, 17% used [0x00000006c1200000,0x00000006c2daaea0,0x00000006caf00000)
 Metaspace       used 68623K, capacity 69232K, committed 69376K, reserved 1107968K
  class space    used 10230K, capacity 10383K, committed 10496K, reserved 1048576K
Event: 51.832 GC heap after
Heap after GC invocations=72 (full 3):
 PSYoungGen      total 1245696K, used 128K [0x000000076b100000, 0x00000007b7500000, 0x00000007c0000000)
  eden space 1242112K, 0% used [0x000000076b100000,0x000000076b100000,0x00000007b6e00000)
  from space 3584K, 3% used [0x00000007b6e00000,0x00000007b6e20000,0x00000007b7180000)
  to   space 2560K, 0% used [0x00000007b7280000,0x00000007b7280000,0x00000007b7500000)
 ParOldGen       total 160768K, used 28339K [0x00000006c1200000, 0x00000006caf00000, 0x000000076b100000)
  object space 160768K, 17% used [0x00000006c1200000,0x00000006c2dacea0,0x00000006caf00000)
 Metaspace       used 68623K, capacity 69232K, committed 69376K, reserved 1107968K
  class space    used 10230K, capacity 10383K, committed 10496K, reserved 1048576K
}

Deoptimization events (10 events):
Event: 29.322 Thread 0x0000000027067800 Uncommon trap: reason=array_check action=maybe_recompile pc=0x000000000386fc2c method=java.util.TimSort.mergeLo(IIII)V @ 375
Event: 29.323 Thread 0x0000000027066000 Uncommon trap: reason=array_check action=maybe_recompile pc=0x000000000386fc2c method=java.util.TimSort.mergeLo(IIII)V @ 375
Event: 29.360 Thread 0x0000000027066000 Uncommon trap: reason=array_check action=maybe_recompile pc=0x0000000003872d24 method=java.util.TimSort.mergeLo(IIII)V @ 468
Event: 29.361 Thread 0x0000000027066000 Uncommon trap: reason=array_check action=maybe_recompile pc=0x0000000003872d24 method=java.util.TimSort.mergeLo(IIII)V @ 468
Event: 29.397 Thread 0x000000002706c000 Uncommon trap: reason=array_check action=maybe_recompile pc=0x0000000003875c60 method=java.util.TimSort.mergeLo(IIII)V @ 245
Event: 29.397 Thread 0x0000000027067800 Uncommon trap: reason=array_check action=maybe_recompile pc=0x0000000003875c60 method=java.util.TimSort.mergeLo(IIII)V @ 245
Event: 29.431 Thread 0x000000002706c000 Uncommon trap: reason=array_check action=maybe_recompile pc=0x0000000003879538 method=java.util.TimSort.mergeLo(IIII)V @ 590
Event: 29.431 Thread 0x0000000027066000 Uncommon trap: reason=array_check action=maybe_recompile pc=0x0000000003879538 method=java.util.TimSort.mergeLo(IIII)V @ 590
Event: 33.002 Thread 0x0000000027067800 Uncommon trap: reason=unstable_if action=reinterpret pc=0x000000000387c890 method=java.util.TimSort.mergeLo(IIII)V @ 499
Event: 45.247 Thread 0x000000001f1e3000 Uncommon trap: reason=unstable_if action=reinterpret pc=0x0000000003485c98 method=java.util.concurrent.locks.ReentrantLock$Sync.nonfairTryAcquire(I)Z @ 34

Classes redefined (0 events):
No events

Internal exceptions (10 events):
Event: 15.552 Thread 0x000000001ed20000 Exception <a 'java/lang/NoSuchMethodError': <clinit>> (0x000000076f7fb6e8) thrown at [C:\workspace\8-2-build-windows-amd64-cygwin\jdk8u192\11897\hotspot\src\share\vm\prims\jni.cpp, line 1613]
Event: 15.661 Thread 0x0000000027066000 Exception <a 'java/lang/UnsatisfiedLinkError': Cannot load zlib1.dll> (0x00000007707298a8) thrown at [C:\workspace\8-2-build-windows-amd64-cygwin\jdk8u192\11897\hotspot\src\share\vm\prims\jni.cpp, line 735]
Event: 22.159 Thread 0x0000000027067800 Exception <a 'java/lang/NoSuchMethodError': <clinit>> (0x0000000784f4b528) thrown at [C:\workspace\8-2-build-windows-amd64-cygwin\jdk8u192\11897\hotspot\src\share\vm\prims\jni.cpp, line 1613]
Event: 22.163 Thread 0x0000000027067800 Exception <a 'java/lang/NoSuchMethodError': <clinit>> (0x0000000784f98ba8) thrown at [C:\workspace\8-2-build-windows-amd64-cygwin\jdk8u192\11897\hotspot\src\share\vm\prims\jni.cpp, line 1613]
Event: 28.277 Thread 0x00000000024d8800 Implicit null exception at 0x000000000334958f to 0x0000000003349a3d
Event: 28.425 Thread 0x00000000024d8800 Exception <a 'java/lang/NoSuchMethodError': <clinit>> (0x00000007792d0f90) thrown at [C:\workspace\8-2-build-windows-amd64-cygwin\jdk8u192\11897\hotspot\src\share\vm\prims\jni.cpp, line 1613]
Event: 28.427 Thread 0x00000000024d8800 Exception <a 'java/lang/NoSuchMethodError': <clinit>> (0x00000007792e8620) thrown at [C:\workspace\8-2-build-windows-amd64-cygwin\jdk8u192\11897\hotspot\src\share\vm\prims\jni.cpp, line 1613]
Event: 28.427 Thread 0x00000000024d8800 Exception <a 'java/lang/NoSuchMethodError': <clinit>> (0x00000007792ed3d0) thrown at [C:\workspace\8-2-build-windows-amd64-cygwin\jdk8u192\11897\hotspot\src\share\vm\prims\jni.cpp, line 1613]
Event: 33.066 Thread 0x0000000027066000 Exception <a 'java/lang/NoSuchMethodError': <clinit>> (0x000000076fc2da98) thrown at [C:\workspace\8-2-build-windows-amd64-cygwin\jdk8u192\11897\hotspot\src\share\vm\prims\jni.cpp, line 1613]
Event: 33.066 Thread 0x0000000027066000 Exception <a 'java/lang/NoSuchMethodError': <clinit>> (0x000000076fc39b78) thrown at [C:\workspace\8-2-build-windows-amd64-cygwin\jdk8u192\11897\hotspot\src\share\vm\prims\jni.cpp, line 1613]

Events (10 events):
Event: 52.994 Thread 0x000000001de9f000 flushing nmethod 0x0000000003447c10
Event: 52.994 Thread 0x000000001de9f000 flushing nmethod 0x0000000003466c50
Event: 52.995 Thread 0x000000001de9f000 flushing nmethod 0x00000000034964d0
Event: 52.995 Thread 0x000000001de9f000 flushing nmethod 0x00000000034c5210
Event: 52.995 Thread 0x000000001de9f000 flushing nmethod 0x0000000003503e90
Event: 52.995 Thread 0x000000001de9f000 flushing nmethod 0x0000000003527490
Event: 53.021 loading class org/apache/spark/sql/catalyst/expressions/TernaryExpression$$anonfun$nullable$1
Event: 53.021 loading class org/apache/spark/sql/catalyst/expressions/TernaryExpression$$anonfun$nullable$1 done
Event: 53.023 loading class org/apache/spark/sql/catalyst/expressions/UnixTimestamp$
Event: 53.023 loading class org/apache/spark/sql/catalyst/expressions/UnixTimestamp$ done


Dynamic libraries:
0x00007ff6de8c0000 - 0x00007ff6de8f7000 	D:\java\jdk1.8.0_192\bin\java.exe
0x00007ffa59220000 - 0x00007ffa5940d000 	C:\WINDOWS\SYSTEM32\ntdll.dll
0x00007ffa590d0000 - 0x00007ffa59183000 	C:\WINDOWS\System32\KERNEL32.DLL
0x00007ffa552f0000 - 0x00007ffa55583000 	C:\WINDOWS\System32\KERNELBASE.dll
0x00007ffa56d40000 - 0x00007ffa56de3000 	C:\WINDOWS\System32\ADVAPI32.dll
0x00007ffa57420000 - 0x00007ffa574be000 	C:\WINDOWS\System32\msvcrt.dll
0x00007ffa56860000 - 0x00007ffa568fe000 	C:\WINDOWS\System32\sechost.dll
0x00007ffa58fa0000 - 0x00007ffa590c2000 	C:\WINDOWS\System32\RPCRT4.dll
0x00007ffa56ab0000 - 0x00007ffa56c47000 	C:\WINDOWS\System32\USER32.dll
0x00007ffa56200000 - 0x00007ffa56220000 	C:\WINDOWS\System32\win32u.dll
0x00007ffa56df0000 - 0x00007ffa56e19000 	C:\WINDOWS\System32\GDI32.dll
0x00007ffa55770000 - 0x00007ffa5590a000 	C:\WINDOWS\System32\gdi32full.dll
0x00007ffa56130000 - 0x00007ffa561d0000 	C:\WINDOWS\System32\msvcp_win.dll
0x00007ffa56220000 - 0x00007ffa5631a000 	C:\WINDOWS\System32\ucrtbase.dll
0x00007ffa4bc40000 - 0x00007ffa4beb9000 	C:\WINDOWS\WinSxS\amd64_microsoft.windows.common-controls_6595b64144ccf1df_6.0.17763.557_none_05b63f68071e5b9f\COMCTL32.dll
0x00007ffa564b0000 - 0x00007ffa567dc000 	C:\WINDOWS\System32\combase.dll
0x00007ffa563d0000 - 0x00007ffa5644e000 	C:\WINDOWS\System32\bcryptPrimitives.dll
0x00007ffa56c50000 - 0x00007ffa56c7e000 	C:\WINDOWS\System32\IMM32.DLL
0x000000005bc70000 - 0x000000005bd41000 	D:\java\jdk1.8.0_192\jre\bin\msvcr100.dll
0x0000000059530000 - 0x0000000059dd3000 	D:\java\jdk1.8.0_192\jre\bin\server\jvm.dll
0x00007ffa56ee0000 - 0x00007ffa56ee8000 	C:\WINDOWS\System32\PSAPI.DLL
0x00007ffa43530000 - 0x00007ffa43539000 	C:\WINDOWS\SYSTEM32\WSOCK32.dll
0x00007ffa574c0000 - 0x00007ffa5752d000 	C:\WINDOWS\System32\WS2_32.dll
0x00007ffa51fd0000 - 0x00007ffa51ff4000 	C:\WINDOWS\SYSTEM32\WINMM.dll
0x00007ffa4fe20000 - 0x00007ffa4fe2a000 	C:\WINDOWS\SYSTEM32\VERSION.dll
0x00007ffa51fa0000 - 0x00007ffa51fcd000 	C:\WINDOWS\SYSTEM32\WINMMBASE.dll
0x00007ffa55930000 - 0x00007ffa5597a000 	C:\WINDOWS\System32\cfgmgr32.dll
0x00007ffa4d1f0000 - 0x00007ffa4d1ff000 	D:\java\jdk1.8.0_192\jre\bin\verify.dll
0x00007ffa4d1c0000 - 0x00007ffa4d1e9000 	D:\java\jdk1.8.0_192\jre\bin\java.dll
0x00007ffa4d090000 - 0x00007ffa4d0b3000 	D:\java\jdk1.8.0_192\jre\bin\instrument.dll
0x00007ffa4d170000 - 0x00007ffa4d186000 	D:\java\jdk1.8.0_192\jre\bin\zip.dll
0x00007ffa57530000 - 0x00007ffa58a20000 	C:\WINDOWS\System32\SHELL32.dll
0x00007ffa57370000 - 0x00007ffa57418000 	C:\WINDOWS\System32\shcore.dll
0x00007ffa559e0000 - 0x00007ffa5612a000 	C:\WINDOWS\System32\windows.storage.dll
0x00007ffa55260000 - 0x00007ffa55284000 	C:\WINDOWS\System32\profapi.dll
0x00007ffa55290000 - 0x00007ffa552ed000 	C:\WINDOWS\System32\powrprof.dll
0x00007ffa59190000 - 0x00007ffa591e2000 	C:\WINDOWS\System32\shlwapi.dll
0x00007ffa55220000 - 0x00007ffa55231000 	C:\WINDOWS\System32\kernel.appcore.dll
0x00007ffa55910000 - 0x00007ffa55927000 	C:\WINDOWS\System32\cryptsp.dll
0x00007ffa4d020000 - 0x00007ffa4d03a000 	D:\Program Files\IntelliJ IDEA 2018.2\bin\breakgen64.dll
0x00007ffa4cd10000 - 0x00007ffa4cd2a000 	D:\java\jdk1.8.0_192\jre\bin\net.dll
0x00007ffa54a50000 - 0x00007ffa54ab7000 	C:\WINDOWS\system32\mswsock.dll
0x00007ffa44f40000 - 0x00007ffa44f56000 	C:\WINDOWS\system32\napinsp.dll
0x00007ffa4dd10000 - 0x00007ffa4dd2a000 	C:\WINDOWS\system32\pnrpnsp.dll
0x00007ffa547b0000 - 0x00007ffa54876000 	C:\WINDOWS\SYSTEM32\DNSAPI.dll
0x00007ffa56c80000 - 0x00007ffa56c88000 	C:\WINDOWS\System32\NSI.dll
0x00007ffa54760000 - 0x00007ffa5479d000 	C:\WINDOWS\SYSTEM32\IPHLPAPI.DLL
0x00007ffa4d640000 - 0x00007ffa4d64e000 	C:\WINDOWS\System32\winrnr.dll
0x00007ffa51c20000 - 0x00007ffa51c3b000 	C:\WINDOWS\system32\NLAapi.dll
0x00007ffa43f30000 - 0x00007ffa43f45000 	C:\WINDOWS\system32\wshbth.dll
0x00007ffa4db50000 - 0x00007ffa4db5a000 	C:\Windows\System32\rasadhlp.dll
0x00007ffa4dc90000 - 0x00007ffa4dd09000 	C:\WINDOWS\System32\fwpuclnt.dll
0x00007ffa561d0000 - 0x00007ffa561f6000 	C:\WINDOWS\System32\bcrypt.dll
0x00007ffa4ce50000 - 0x00007ffa4ce5d000 	D:\java\jdk1.8.0_192\jre\bin\management.dll
0x00007ffa4aa30000 - 0x00007ffa4aa4c000 	E:\bigdata\hadoop-3.0.3\bin\hadoop.dll
0x00007ffa543a0000 - 0x00007ffa543eb000 	C:\WINDOWS\SYSTEM32\AUTHZ.dll
0x00007ffa466e0000 - 0x00007ffa466f7000 	C:\WINDOWS\SYSTEM32\NETAPI32.dll
0x00007ffa547a0000 - 0x00007ffa547ae000 	C:\WINDOWS\SYSTEM32\NETUTILS.DLL
0x00007ffa4df70000 - 0x00007ffa4df88000 	C:\WINDOWS\SYSTEM32\SAMCLI.DLL
0x00007ffa4d660000 - 0x00007ffa4d668000 	D:\java\jdk1.8.0_192\jre\bin\jaas_nt.dll
0x00007ffa4ac90000 - 0x00007ffa4aca1000 	D:\java\jdk1.8.0_192\jre\bin\nio.dll
0x00007ffa545c0000 - 0x00007ffa545f3000 	C:\WINDOWS\system32\rsaenh.dll
0x00007ffa55120000 - 0x00007ffa55148000 	C:\WINDOWS\SYSTEM32\USERENV.dll
0x00007ffa54bd0000 - 0x00007ffa54bdc000 	C:\WINDOWS\SYSTEM32\CRYPTBASE.dll
0x00007ffa4e620000 - 0x00007ffa4e636000 	C:\WINDOWS\SYSTEM32\dhcpcsvc6.DLL
0x00007ffa4e660000 - 0x00007ffa4e67c000 	C:\WINDOWS\SYSTEM32\dhcpcsvc.DLL
0x00007ffa542a0000 - 0x00007ffa542d1000 	C:\WINDOWS\SYSTEM32\ntmarta.dll
0x0000000066f40000 - 0x0000000066f6d000 	C:\Users\wqkant\AppData\Local\Temp\liblz4-java610340021682274666.so

VM Arguments:
jvm_args: -javaagent:D:\Program Files\IntelliJ IDEA 2018.2\lib\idea_rt.jar=54383:D:\Program Files\IntelliJ IDEA 2018.2\bin -Dfile.encoding=UTF-8 
java_command: com.vova.synchronize.RecallPoolReport 2019/07/13 2019/07/13
java_class_path (initial): D:\java\jdk1.8.0_192\jre\lib\charsets.jar;D:\java\jdk1.8.0_192\jre\lib\deploy.jar;D:\java\jdk1.8.0_192\jre\lib\ext\access-bridge-64.jar;D:\java\jdk1.8.0_192\jre\lib\ext\cldrdata.jar;D:\java\jdk1.8.0_192\jre\lib\ext\dnsns.jar;D:\java\jdk1.8.0_192\jre\lib\ext\jaccess.jar;D:\java\jdk1.8.0_192\jre\lib\ext\jfxrt.jar;D:\java\jdk1.8.0_192\jre\lib\ext\localedata.jar;D:\java\jdk1.8.0_192\jre\lib\ext\nashorn.jar;D:\java\jdk1.8.0_192\jre\lib\ext\sunec.jar;D:\java\jdk1.8.0_192\jre\lib\ext\sunjce_provider.jar;D:\java\jdk1.8.0_192\jre\lib\ext\sunmscapi.jar;D:\java\jdk1.8.0_192\jre\lib\ext\sunpkcs11.jar;D:\java\jdk1.8.0_192\jre\lib\ext\zipfs.jar;D:\java\jdk1.8.0_192\jre\lib\javaws.jar;D:\java\jdk1.8.0_192\jre\lib\jce.jar;D:\java\jdk1.8.0_192\jre\lib\jfr.jar;D:\java\jdk1.8.0_192\jre\lib\jfxswt.jar;D:\java\jdk1.8.0_192\jre\lib\jsse.jar;D:\java\jdk1.8.0_192\jre\lib\management-agent.jar;D:\java\jdk1.8.0_192\jre\lib\plugin.jar;D:\java\jdk1.8.0_192\jre\lib\resources.jar;D:\java\jdk1.8.0_192\jre\lib\rt.jar;D:\work\report-1.0\target\scala-2.11\classes;C:\Users\wqkant\.ivy2\cache\aopalliance\aopalliance\jars\aopalliance-1.0.jar;C:\Users\wqkant\.ivy2\cache\oro\oro\jars\oro-2.0.8.jar;C:\Users\wqkant\.ivy2\cache\org.xerial.snappy\snappy-java\bundles\snappy-java-1.1.7.3.jar;C:\Users\wqkant\.ivy2\cache\org.typelevel\macro-compat_2.11\jars\macro-compat_2.11-1.1.1.jar;C:\Users\wqkant\.ivy2\cache\org.typelevel\machinist_2.11\jars\machinist_2.11-0.6.6.jar;C:\Users\wqkant\.ivy2\cache\org.typelevel\jawn-parser_2.11\jars\jawn-parser_2.11-0.14.1.jar;C:\Users\wqkant\.ivy2\cache\org.typelevel\cats-macros_2.11\jars\cats-macros_2.11-1.6.0.jar;C:\Users\wqkant\.ivy2\cache\org.typelevel\cats-kernel_2.11\jars\cats-kernel_2.11-1.6.0.jar;C:\Users\wqkant\.ivy2\cache\org.typelevel\cats-core_2.11\jars\cats-core_2.11-1.6.0.jar;C:\Users\wqkant\.ivy2\cache\org.tukaani\xz\jars\xz-1.5.jar;C:\Users\wqkant\.ivy2\cache\org.spark-project.spark\unused\jars\unused-1.0.0.jar;C:\Users\wqkant\.ivy2\c
Launcher Type: SUN_STANDARD

Environment Variables:
JAVA_HOME=D:\java\jdk1.8.0_192
CLASSPATH=.;D:\java\jdk1.8.0_192\lib;D:\java\jdk1.8.0_192\lib\tools.jar
PATH=E:\anaconda;E:\anaconda\Library\mingw-w64\bin;E:\anaconda\Library\usr\bin;E:\anaconda\Library\bin;E:\anaconda\Scripts;D:\Program Files\xshell\;C:\ProgramData\DockerDesktop\version-bin;C:\Program Files\Docker\Docker\Resources\bin;C:\Program Files (x86)\Common Files\Oracle\Java\javapath;C:\ProgramData\Oracle\Java\javapath;C:\WINDOWS\system32;C:\WINDOWS;C:\WINDOWS\System32\Wbem;C:\WINDOWS\System32\WindowsPowerShell\v1.0\;C:\Program Files\Git\cmd;D:\java\jdk1.8.0_192\bin;D:\Program Files\apache-maven-3.6.0\bin;D:\Program Files\apache-tomcat-8.5.32\bin;D:\Program Files\apache-tomcat-8.5.32\lib;C:\ProgramData\ComposerSetup\bin;C:\Program Files\nodejs\;D:\elk\elasticsearch-6.3.2\bin;D:\zwnmp\php5.6;D:\zwnmp\php5.6\ext;C:\Program Files (x86)\Yarn\bin\;C:\Program Files\Microsoft VS Code\bin;D:\zwnmp\;C:\Program Files\MySQL\MySQL Utilities 1.6\;C:\Program Files (x86)\scala\bin;C:\WINDOWS\System32\OpenSSH\;E:\bigdata\hadoop-3.0.3\bin;D:\bigdata\spark-2.4.0-bin-hadoop2.7\bin;D:\java\jdk1.8.0_192\jre;D:\bigdata\Amazon\AWSCLI;D:\bigdata\Amazon\AWSCLI\bin;C:\Program Files (x86)\sbt\bin;D:\bigdata\gatling-charts-highcharts-bundle-3.0.0\bin;D:\Program Files\Vagrant\bin;%HIVE_HOME%\bin;D:\Program Files\;D:\Go\bin;C:\Users\wqkant\AppData\Local\Microsoft\WindowsApps;C:\Users\wqkant\AppData\Roaming\Composer\vendor\bin;C:\Users\wqkant\AppData\Roaming\npm;C:\Users\wqkant\AppData\Local\Yarn\bin;C:\Users\wqkant\go\bin;D:\Program Files\GoLand 2018.3.3\bin;;
USERNAME=wqkant
OS=Windows_NT
PROCESSOR_IDENTIFIER=Intel64 Family 6 Model 94 Stepping 3, GenuineIntel



---------------  S Y S T E M  ---------------

OS: Windows 10.0 , 64 bit Build 17763 (10.0.17763.475)

CPU:total 4 (initial active 4) (4 cores per cpu, 1 threads per core) family 6 model 94 stepping 3, cmov, cx8, fxsr, mmx, sse, sse2, sse3, ssse3, sse4.1, sse4.2, popcnt, avx, avx2, aes, clmul, erms, rtm, 3dnowpref, lzcnt, tsc, tscinvbit, bmi1, bmi2, adx

Memory: 4k page, physical 16700344k(2390632k free), swap 32327072k(5136k free)

vm_info: Java HotSpot(TM) 64-Bit Server VM (25.192-b12) for windows-amd64 JRE (1.8.0_192-b12), built on Oct  6 2018 17:12:23 by "java_re" with MS VC++ 10.0 (VS2010)

time: Sat Jul 13 18:01:45 2019
timezone: 中国标准时间
elapsed time: 53 seconds (0d 0h 0m 53s)

