#
# There is insufficient memory for the Java Runtime Environment to continue.
# Native memory allocation (malloc) failed to allocate 32744 bytes for ChunkPool::allocate
# Possible reasons:
#   The system is out of physical RAM or swap space
#   The process is running with CompressedOops enabled, and the Java Heap may be blocking the growth of the native heap
# Possible solutions:
#   Reduce memory load on the system
#   Increase physical memory or swap space
#   Check if swap backing store is full
#   Decrease Java heap size (-Xmx/-Xms)
#   Decrease number of Java threads
#   Decrease Java thread stack sizes (-Xss)
#   Set larger code cache with -XX:ReservedCodeCacheSize=
#   JVM is running with Zero Based Compressed Oops mode in which the Java heap is
#     placed in the first 32GB address space. The Java Heap base address is the
#     maximum limit for the native heap growth. Please use -XX:HeapBaseMinAddress
#     to set the Java Heap base and to place the Java Heap above 32GB virtual address.
# This output file may be truncated or incomplete.
#
#  Out of Memory Error (allocation.cpp:273), pid=12204, tid=0x00000000000041e8
#
# JRE version: Java(TM) SE Runtime Environment (8.0_192-b12) (build 1.8.0_192-b12)
# Java VM: Java HotSpot(TM) 64-Bit Server VM (25.192-b12 mixed mode windows-amd64 compressed oops)
# Failed to write core dump. Minidumps are not enabled by default on client versions of Windows
#

---------------  T H R E A D  ---------------

Current thread (0x000000001e659800):  JavaThread "C2 CompilerThread1" daemon [_thread_in_native, id=16872, stack(0x000000001e8f0000,0x000000001e9f0000)]

Stack: [0x000000001e8f0000,0x000000001e9f0000]
[error occurred during error reporting (printing stack bounds), id 0xc0000005]

Native frames: (J=compiled Java code, j=interpreted, Vv=VM code, C=native code)


Current CompileTask:
C2:  26865 5304       4       java.io.DataInputStream::read (11 bytes)


---------------  P R O C E S S  ---------------

Java Threads: ( => current thread )
  0x000000002110b000 JavaThread "task-result-getter-3" daemon [_thread_blocked, id=16276, stack(0x0000000029ee0000,0x0000000029fe0000)]
  0x000000002110a800 JavaThread "task-result-getter-2" daemon [_thread_blocked, id=15948, stack(0x0000000029ce0000,0x0000000029de0000)]
  0x0000000021110800 JavaThread "task-result-getter-1" daemon [_thread_blocked, id=11656, stack(0x0000000029be0000,0x0000000029ce0000)]
  0x000000002110f000 JavaThread "task-result-getter-0" daemon [_thread_blocked, id=11888, stack(0x0000000029ae0000,0x0000000029be0000)]
  0x000000002110c800 JavaThread "Executor task launch worker for task 4" daemon [_thread_in_vm, id=8188, stack(0x00000000297e0000,0x00000000298e0000)]
  0x000000002110c000 JavaThread "Executor task launch worker for task 2" daemon [_thread_blocked, id=148, stack(0x00000000296e0000,0x00000000297e0000)]
  0x0000000021107800 JavaThread "Executor task launch worker for task 1" daemon [_thread_blocked, id=15780, stack(0x00000000295e0000,0x00000000296e0000)]
  0x000000002110e000 JavaThread "Executor task launch worker for task 0" daemon [_thread_blocked, id=8936, stack(0x00000000294e0000,0x00000000295e0000)]
  0x0000000021106000 JavaThread "org.apache.hadoop.fs.FileSystem$Statistics$StatisticsDataReferenceCleaner" daemon [_thread_blocked, id=1528, stack(0x0000000026b30000,0x0000000026c30000)]
  0x000000001f518800 JavaThread "spark-listener-group-streams" daemon [_thread_blocked, id=15604, stack(0x0000000026770000,0x0000000026870000)]
  0x000000001f51b000 JavaThread "spark-listener-group-shared" daemon [_thread_blocked, id=13080, stack(0x00000000254a0000,0x00000000255a0000)]
  0x000000001f50f800 JavaThread "element-tracking-store-worker" daemon [_thread_blocked, id=7724, stack(0x00000000243d0000,0x00000000244d0000)]
  0x000000001f516800 JavaThread "spark-listener-group-executorManagement" daemon [_thread_blocked, id=12320, stack(0x00000000242d0000,0x00000000243d0000)]
  0x000000001f50e800 JavaThread "spark-listener-group-appStatus" daemon [_thread_blocked, id=15712, stack(0x00000000241d0000,0x00000000242d0000)]
  0x000000001f514800 JavaThread "context-cleaner-periodic-gc" daemon [_thread_blocked, id=13256, stack(0x00000000240d0000,0x00000000241d0000)]
  0x000000001f511800 JavaThread "Spark Context Cleaner" daemon [_thread_blocked, id=10892, stack(0x0000000023fd0000,0x00000000240d0000)]
  0x000000001f515800 JavaThread "shuffle-server-5-1" daemon [_thread_in_native, id=16412, stack(0x0000000023ad0000,0x0000000023bd0000)]
  0x000000001f511000 JavaThread "driver-heartbeater" daemon [_thread_blocked, id=17652, stack(0x00000000239d0000,0x0000000023ad0000)]
  0x000000001f514000 JavaThread "dag-scheduler-event-loop" daemon [_thread_blocked, id=8364, stack(0x00000000238d0000,0x00000000239d0000)]
  0x000000001f50c800 JavaThread "netty-rpc-env-timeout" daemon [_thread_blocked, id=10452, stack(0x00000000235d0000,0x00000000236d0000)]
  0x000000001f50d000 JavaThread "Timer-1" daemon [_thread_blocked, id=17308, stack(0x00000000234d0000,0x00000000235d0000)]
  0x000000001f513000 JavaThread "Timer-0" daemon [_thread_blocked, id=11840, stack(0x00000000233d0000,0x00000000234d0000)]
  0x000000001f50e000 JavaThread "heartbeat-receiver-event-loop-thread" daemon [_thread_blocked, id=11184, stack(0x00000000232d0000,0x00000000233d0000)]
  0x000000001f512800 JavaThread "SparkUI-35" daemon [_thread_blocked, id=13388, stack(0x00000000231d0000,0x00000000232d0000)]
  0x000000001f510000 JavaThread "SparkUI-34" daemon [_thread_blocked, id=236, stack(0x00000000230d0000,0x00000000231d0000)]
  0x000000001f50b800 JavaThread "SparkUI-33" daemon [_thread_blocked, id=9700, stack(0x0000000022fd0000,0x00000000230d0000)]
  0x000000001e14b800 JavaThread "SparkUI-32" daemon [_thread_blocked, id=10180, stack(0x0000000022ed0000,0x0000000022fd0000)]
  0x000000001e14c800 JavaThread "SparkUI-31" daemon [_thread_blocked, id=16592, stack(0x0000000022dd0000,0x0000000022ed0000)]
  0x000000001e152000 JavaThread "SparkUI-30-acceptor-0@7ef82211-Spark@703fc3be{HTTP/1.1,[http/1.1]}{0.0.0.0:4040}" daemon [_thread_in_native, id=12836, stack(0x0000000022cd0000,0x0000000022dd0000)]
  0x000000001e150800 JavaThread "SparkUI-29" daemon [_thread_in_native, id=16924, stack(0x0000000022bd0000,0x0000000022cd0000)]
  0x000000001e14f000 JavaThread "SparkUI-28" daemon [_thread_in_native, id=16792, stack(0x0000000022ad0000,0x0000000022bd0000)]
  0x000000001e14e000 JavaThread "RemoteBlock-temp-file-clean-thread" daemon [_thread_blocked, id=19184, stack(0x00000000227d0000,0x00000000228d0000)]
  0x000000001e152800 JavaThread "map-output-dispatcher-7" daemon [_thread_blocked, id=6044, stack(0x00000000225d0000,0x00000000226d0000)]
  0x000000001e14f800 JavaThread "map-output-dispatcher-6" daemon [_thread_blocked, id=18012, stack(0x00000000224d0000,0x00000000225d0000)]
  0x000000001e14d800 JavaThread "map-output-dispatcher-5" daemon [_thread_blocked, id=14040, stack(0x00000000223d0000,0x00000000224d0000)]
  0x000000001e151000 JavaThread "map-output-dispatcher-4" daemon [_thread_blocked, id=17192, stack(0x00000000222d0000,0x00000000223d0000)]
  0x000000001f544800 JavaThread "map-output-dispatcher-3" daemon [_thread_blocked, id=8940, stack(0x00000000221d0000,0x00000000222d0000)]
  0x000000001df0d000 JavaThread "map-output-dispatcher-2" daemon [_thread_blocked, id=18604, stack(0x00000000220d0000,0x00000000221d0000)]
  0x000000001df0c800 JavaThread "map-output-dispatcher-1" daemon [_thread_blocked, id=4352, stack(0x0000000021fd0000,0x00000000220d0000)]
  0x000000001df09000 JavaThread "map-output-dispatcher-0" daemon [_thread_blocked, id=12316, stack(0x0000000021ed0000,0x0000000021fd0000)]
  0x000000001f6b4000 JavaThread "rpc-server-3-1" daemon [_thread_in_native, id=13328, stack(0x0000000021dd0000,0x0000000021ed0000)]
  0x000000001f670800 JavaThread "dispatcher-event-loop-3" daemon [_thread_blocked, id=10080, stack(0x00000000218d0000,0x00000000219d0000)]
  0x000000001f66d800 JavaThread "dispatcher-event-loop-2" daemon [_thread_blocked, id=13700, stack(0x00000000217d0000,0x00000000218d0000)]
  0x000000001f66d000 JavaThread "dispatcher-event-loop-1" daemon [_thread_blocked, id=14600, stack(0x00000000216d0000,0x00000000217d0000)]
  0x000000001f571000 JavaThread "dispatcher-event-loop-0" daemon [_thread_blocked, id=17648, stack(0x00000000215d0000,0x00000000216d0000)]
  0x000000001eb10800 JavaThread "Service Thread" daemon [_thread_blocked, id=5928, stack(0x000000001fac0000,0x000000001fbc0000)]
  0x000000001e6bb000 JavaThread "C1 CompilerThread2" daemon [_thread_blocked, id=7320, stack(0x000000001e9f0000,0x000000001eaf0000)]
=>0x000000001e659800 JavaThread "C2 CompilerThread1" daemon [_thread_in_native, id=16872, stack(0x000000001e8f0000,0x000000001e9f0000)]
  0x000000001e656800 JavaThread "C2 CompilerThread0" daemon [_thread_blocked, id=9716, stack(0x000000001e7f0000,0x000000001e8f0000)]
  0x000000001e653000 JavaThread "Monitor Ctrl-Break" daemon [_thread_in_native, id=17400, stack(0x000000001e6f0000,0x000000001e7f0000)]
  0x000000001c5a1000 JavaThread "Attach Listener" daemon [_thread_blocked, id=12556, stack(0x000000001ddf0000,0x000000001def0000)]
  0x000000001d933800 JavaThread "Signal Dispatcher" daemon [_thread_blocked, id=3500, stack(0x000000001dcf0000,0x000000001ddf0000)]
  0x0000000002d4e800 JavaThread "Finalizer" daemon [_thread_blocked, id=7980, stack(0x000000001d7f0000,0x000000001d8f0000)]
  0x000000001c559000 JavaThread "Reference Handler" daemon [_thread_blocked, id=624, stack(0x000000001d6f0000,0x000000001d7f0000)]
  0x0000000002c58800 JavaThread "main" [_thread_blocked, id=9184, stack(0x0000000002b50000,0x0000000002c50000)]

Other Threads:
  0x000000001c537800 VMThread [stack: 0x000000001d5f0000,0x000000001d6f0000] [id=17404]
  0x000000001e6ee800 WatcherThread [stack: 0x000000001fbc0000,0x000000001fcc0000] [id=5780]

VM state:not at safepoint (normal execution)

VM Mutex/Monitor currently owned by a thread: None

OutOfMemory and StackOverflow Exception counts:
OutOfMemoryError java_heap_errors=1

heap address: 0x00000006c1200000, size: 4078 MB, Compressed Oops mode: Zero based, Oop shift amount: 3
Narrow klass base: 0x0000000000000000, Narrow klass shift: 3
Compressed class space size: 1073741824 Address: 0x00000007c0000000

Heap:
 PSYoungGen      total 1258496K, used 614241K [0x000000076b100000, 0x00000007b8380000, 0x00000007c0000000)
  eden space 1252864K, 48% used [0x000000076b100000,0x0000000790848650,0x00000007b7880000)
  from space 5632K, 10% used [0x00000007b7880000,0x00000007b7910040,0x00000007b7e00000)
  to   space 2560K, 0% used [0x00000007b8100000,0x00000007b8100000,0x00000007b8380000)
 ParOldGen       total 162816K, used 24935K [0x00000006c1200000, 0x00000006cb100000, 0x000000076b100000)
  object space 162816K, 15% used [0x00000006c1200000,0x00000006c2a59eb0,0x00000006cb100000)
 Metaspace       used 65730K, capacity 66318K, committed 66560K, reserved 1105920K
  class space    used 9781K, capacity 9933K, committed 9984K, reserved 1048576K

Card table byte_map: [0x0000000012310000,0x0000000012b10000] byte_map_base: 0x000000000ed07000

Marking Bits: (ParMarkBitMap*) 0x0000000059d53ce0
 Begin Bits: [0x0000000013460000, 0x0000000017418000)
 End Bits:   [0x0000000017418000, 0x000000001b3d0000)

Polling page: 0x0000000001190000

CodeCache: size=245760Kb used=12992Kb max_used=13003Kb free=232767Kb
 bounds [0x0000000002f50000, 0x0000000003c20000, 0x0000000011f50000]
 total_blobs=5200 nmethods=4602 adapters=507
 compilation: enabled

Compilation events (10 events):
Event: 25.489 Thread 0x000000001e6bb000 nmethod 5299 0x0000000003c0e8d0 code [0x0000000003c0ea20, 0x0000000003c0eb30]
Event: 25.676 Thread 0x000000001e656800 5300       4       scala.runtime.AbstractFunction2::<init> (9 bytes)
Event: 25.676 Thread 0x000000001e656800 nmethod 5300 0x0000000003c13910 code [0x0000000003c13a40, 0x0000000003c13a98]
Event: 25.771 Thread 0x000000001e6bb000 5301       3       io.netty.util.internal.shaded.org.jctools.queues.BaseMpscLinkedArrayQueueProducerFields::lvProducerIndex (11 bytes)
Event: 25.771 Thread 0x000000001e6bb000 nmethod 5301 0x0000000003c10fd0 code [0x0000000003c11120, 0x0000000003c11290]
Event: 25.830 Thread 0x000000001e659800 5302       4       scala.collection.mutable.HashMap::improve (7 bytes)
Event: 25.830 Thread 0x000000001e659800 nmethod 5302 0x0000000003c12110 code [0x0000000003c12240, 0x0000000003c122d8]
Event: 26.095 Thread 0x000000001e656800 5303       4       scala.collection.mutable.HashTable$HashUtils$class::elemHashCode (8 bytes)
Event: 26.096 Thread 0x000000001e656800 nmethod 5303 0x0000000003c10b50 code [0x0000000003c10cc0, 0x0000000003c10e58]
Event: 26.295 Thread 0x000000001e659800 5304       4       java.io.DataInputStream::read (11 bytes)

GC Heap History (10 events):
Event: 23.578 GC heap before
{Heap before GC invocations=40 (full 3):
 PSYoungGen      total 1179136K, used 1178784K [0x000000076b100000, 0x00000007b8c00000, 0x00000007c0000000)
  eden space 1178624K, 100% used [0x000000076b100000,0x00000007b3000000,0x00000007b3000000)
  from space 512K, 31% used [0x00000007b3680000,0x00000007b36a8000,0x00000007b3700000)
  to   space 6656K, 0% used [0x00000007b3000000,0x00000007b3000000,0x00000007b3680000)
 ParOldGen       total 162816K, used 24909K [0x00000006c1200000, 0x00000006cb100000, 0x000000076b100000)
  object space 162816K, 15% used [0x00000006c1200000,0x00000006c2a53748,0x00000006cb100000)
 Metaspace       used 65426K, capacity 65974K, committed 66304K, reserved 1105920K
  class space    used 9724K, capacity 9865K, committed 9984K, reserved 1048576K
Event: 23.580 GC heap after
Heap after GC invocations=40 (full 3):
 PSYoungGen      total 1185280K, used 128K [0x000000076b100000, 0x00000007b8700000, 0x00000007c0000000)
  eden space 1178624K, 0% used [0x000000076b100000,0x000000076b100000,0x00000007b3000000)
  from space 6656K, 1% used [0x00000007b3000000,0x00000007b3020000,0x00000007b3680000)
  to   space 6144K, 0% used [0x00000007b8100000,0x00000007b8100000,0x00000007b8700000)
 ParOldGen       total 162816K, used 24909K [0x00000006c1200000, 0x00000006cb100000, 0x000000076b100000)
  object space 162816K, 15% used [0x00000006c1200000,0x00000006c2a53748,0x00000006cb100000)
 Metaspace       used 65426K, capacity 65974K, committed 66304K, reserved 1105920K
  class space    used 9724K, capacity 9865K, committed 9984K, reserved 1048576K
}
Event: 23.935 GC heap before
{Heap before GC invocations=41 (full 3):
 PSYoungGen      total 1185280K, used 1178752K [0x000000076b100000, 0x00000007b8700000, 0x00000007c0000000)
  eden space 1178624K, 100% used [0x000000076b100000,0x00000007b3000000,0x00000007b3000000)
  from space 6656K, 1% used [0x00000007b3000000,0x00000007b3020000,0x00000007b3680000)
  to   space 6144K, 0% used [0x00000007b8100000,0x00000007b8100000,0x00000007b8700000)
 ParOldGen       total 162816K, used 24909K [0x00000006c1200000, 0x00000006cb100000, 0x000000076b100000)
  object space 162816K, 15% used [0x00000006c1200000,0x00000006c2a53748,0x00000006cb100000)
 Metaspace       used 65426K, capacity 65974K, committed 66304K, reserved 1105920K
  class space    used 9724K, capacity 9865K, committed 9984K, reserved 1048576K
Event: 23.936 GC heap after
Heap after GC invocations=41 (full 3):
 PSYoungGen      total 1255424K, used 128K [0x000000076b100000, 0x00000007b8380000, 0x00000007c0000000)
  eden space 1252864K, 0% used [0x000000076b100000,0x000000076b100000,0x00000007b7880000)
  from space 2560K, 5% used [0x00000007b8100000,0x00000007b8120000,0x00000007b8380000)
  to   space 5632K, 0% used [0x00000007b7880000,0x00000007b7880000,0x00000007b7e00000)
 ParOldGen       total 162816K, used 24909K [0x00000006c1200000, 0x00000006cb100000, 0x000000076b100000)
  object space 162816K, 15% used [0x00000006c1200000,0x00000006c2a53748,0x00000006cb100000)
 Metaspace       used 65426K, capacity 65974K, committed 66304K, reserved 1105920K
  class space    used 9724K, capacity 9865K, committed 9984K, reserved 1048576K
}
Event: 24.424 GC heap before
{Heap before GC invocations=42 (full 3):
 PSYoungGen      total 1255424K, used 1252992K [0x000000076b100000, 0x00000007b8380000, 0x00000007c0000000)
  eden space 1252864K, 100% used [0x000000076b100000,0x00000007b7880000,0x00000007b7880000)
  from space 2560K, 5% used [0x00000007b8100000,0x00000007b8120000,0x00000007b8380000)
  to   space 5632K, 0% used [0x00000007b7880000,0x00000007b7880000,0x00000007b7e00000)
 ParOldGen       total 162816K, used 24911K [0x00000006c1200000, 0x00000006cb100000, 0x000000076b100000)
  object space 162816K, 15% used [0x00000006c1200000,0x00000006c2a53eb0,0x00000006cb100000)
 Metaspace       used 65614K, capacity 66094K, committed 66304K, reserved 1105920K
  class space    used 9761K, capacity 9901K, committed 9984K, reserved 1048576K
Event: 24.426 GC heap after
Heap after GC invocations=42 (full 3):
 PSYoungGen      total 1258496K, used 608K [0x000000076b100000, 0x00000007b8380000, 0x00000007c0000000)
  eden space 1252864K, 0% used [0x000000076b100000,0x000000076b100000,0x00000007b7880000)
  from space 5632K, 10% used [0x00000007b7880000,0x00000007b7918040,0x00000007b7e00000)
  to   space 2560K, 0% used [0x00000007b8100000,0x00000007b8100000,0x00000007b8380000)
 ParOldGen       total 162816K, used 24911K [0x00000006c1200000, 0x00000006cb100000, 0x000000076b100000)
  object space 162816K, 15% used [0x00000006c1200000,0x00000006c2a53eb0,0x00000006cb100000)
 Metaspace       used 65614K, capacity 66094K, committed 66304K, reserved 1105920K
  class space    used 9761K, capacity 9901K, committed 9984K, reserved 1048576K
}
Event: 24.427 GC heap before
{Heap before GC invocations=43 (full 3):
 PSYoungGen      total 1258496K, used 13031K [0x000000076b100000, 0x00000007b8380000, 0x00000007c0000000)
  eden space 1252864K, 0% used [0x000000076b100000,0x000000076bd21e68,0x00000007b7880000)
  from space 5632K, 10% used [0x00000007b7880000,0x00000007b7918040,0x00000007b7e00000)
  to   space 2560K, 0% used [0x00000007b8100000,0x00000007b8100000,0x00000007b8380000)
 ParOldGen       total 162816K, used 24911K [0x00000006c1200000, 0x00000006cb100000, 0x000000076b100000)
  object space 162816K, 15% used [0x00000006c1200000,0x00000006c2a53eb0,0x00000006cb100000)
 Metaspace       used 65614K, capacity 66094K, committed 66304K, reserved 1105920K
  class space    used 9761K, capacity 9901K, committed 9984K, reserved 1048576K
Event: 24.429 GC heap after
Heap after GC invocations=43 (full 3):
 PSYoungGen      total 1255424K, used 544K [0x000000076b100000, 0x00000007b8380000, 0x00000007c0000000)
  eden space 1252864K, 0% used [0x000000076b100000,0x000000076b100000,0x00000007b7880000)
  from space 2560K, 21% used [0x00000007b8100000,0x00000007b8188050,0x00000007b8380000)
  to   space 5632K, 0% used [0x00000007b7880000,0x00000007b7880000,0x00000007b7e00000)
 ParOldGen       total 162816K, used 24911K [0x00000006c1200000, 0x00000006cb100000, 0x000000076b100000)
  object space 162816K, 15% used [0x00000006c1200000,0x00000006c2a53eb0,0x00000006cb100000)
 Metaspace       used 65614K, capacity 66094K, committed 66304K, reserved 1105920K
  class space    used 9761K, capacity 9901K, committed 9984K, reserved 1048576K
}
Event: 25.811 GC heap before
{Heap before GC invocations=44 (full 3):
 PSYoungGen      total 1255424K, used 1253408K [0x000000076b100000, 0x00000007b8380000, 0x00000007c0000000)
  eden space 1252864K, 100% used [0x000000076b100000,0x00000007b7880000,0x00000007b7880000)
  from space 2560K, 21% used [0x00000007b8100000,0x00000007b8188050,0x00000007b8380000)
  to   space 5632K, 0% used [0x00000007b7880000,0x00000007b7880000,0x00000007b7e00000)
 ParOldGen       total 162816K, used 24911K [0x00000006c1200000, 0x00000006cb100000, 0x000000076b100000)
  object space 162816K, 15% used [0x00000006c1200000,0x00000006c2a53eb0,0x00000006cb100000)
 Metaspace       used 65729K, capacity 66318K, committed 66560K, reserved 1105920K
  class space    used 9781K, capacity 9933K, committed 9984K, reserved 1048576K
Event: 25.813 GC heap after
Heap after GC invocations=44 (full 3):
 PSYoungGen      total 1258496K, used 576K [0x000000076b100000, 0x00000007b8380000, 0x00000007c0000000)
  eden space 1252864K, 0% used [0x000000076b100000,0x000000076b100000,0x00000007b7880000)
  from space 5632K, 10% used [0x00000007b7880000,0x00000007b7910040,0x00000007b7e00000)
  to   space 2560K, 0% used [0x00000007b8100000,0x00000007b8100000,0x00000007b8380000)
 ParOldGen       total 162816K, used 24935K [0x00000006c1200000, 0x00000006cb100000, 0x000000076b100000)
  object space 162816K, 15% used [0x00000006c1200000,0x00000006c2a59eb0,0x00000006cb100000)
 Metaspace       used 65729K, capacity 66318K, committed 66560K, reserved 1105920K
  class space    used 9781K, capacity 9933K, committed 9984K, reserved 1048576K
}

Deoptimization events (10 events):
Event: 24.408 Thread 0x000000002110c800 Uncommon trap: reason=class_check action=maybe_recompile pc=0x0000000003bbe8f4 method=scala.collection.Iterator$$anon$12.hasNext()Z @ 4
Event: 24.408 Thread 0x000000002110c800 Uncommon trap: reason=unstable_if action=reinterpret pc=0x0000000003588c6c method=org.apache.spark.sql.execution.datasources.FileScanRDD$$anon$1.hasNext()Z @ 11
Event: 24.411 Thread 0x000000002110c800 Uncommon trap: reason=unstable_if action=reinterpret pc=0x00000000035a1fd0 method=org.apache.spark.sql.catalyst.expressions.codegen.BufferHolder.grow(I)V @ 99
Event: 24.411 Thread 0x000000002110c800 Uncommon trap: reason=unstable_if action=reinterpret pc=0x000000000359f164 method=org.apache.spark.sql.catalyst.expressions.codegen.BufferHolder.grow(I)V @ 99
Event: 24.411 Thread 0x000000002110c800 Uncommon trap: reason=unstable_if action=reinterpret pc=0x00000000034e7664 method=com.fasterxml.jackson.core.sym.ByteQuadsCanonicalizer.findName(II)Ljava/lang/String; @ 60
Event: 24.411 Thread 0x000000002110c800 Uncommon trap: reason=unstable_if action=reinterpret pc=0x00000000035aac64 method=com.fasterxml.jackson.core.sym.ByteQuadsCanonicalizer.findName([II)Ljava/lang/String; @ 140
Event: 24.412 Thread 0x000000002110c800 Uncommon trap: reason=unstable_if action=reinterpret pc=0x0000000003332e18 method=com.fasterxml.jackson.core.sym.ByteQuadsCanonicalizer.findName([II)Ljava/lang/String; @ 140
Event: 24.412 Thread 0x000000002110c800 Uncommon trap: reason=unstable_if action=reinterpret pc=0x00000000038cefc0 method=scala.collection.TraversableOnce$$anonfun$reduceLeft$1.apply(Ljava/lang/Object;)V @ 7
Event: 24.443 Thread 0x000000001f66d000 Uncommon trap: reason=class_check action=maybe_recompile pc=0x0000000003492cb8 method=scala.collection.TraversableOnce$class.sum(Lscala/collection/TraversableOnce;Lscala/math/Numeric;)Ljava/lang/Object; @ 2
Event: 24.516 Thread 0x000000001f670800 Uncommon trap: reason=class_check action=maybe_recompile pc=0x0000000003492cb8 method=scala.collection.TraversableOnce$class.sum(Lscala/collection/TraversableOnce;Lscala/math/Numeric;)Ljava/lang/Object; @ 2

Classes redefined (0 events):
No events

Internal exceptions (10 events):
Event: 17.523 Thread 0x000000001f670800 Exception <a 'java/lang/NoSuchMethodError': <clinit>> (0x000000076f7dfe08) thrown at [C:\workspace\8-2-build-windows-amd64-cygwin\jdk8u192\11897\hotspot\src\share\vm\prims\jni.cpp, line 1613]
Event: 17.523 Thread 0x000000001f670800 Exception <a 'java/lang/NoSuchMethodError': <clinit>> (0x000000076f7e3428) thrown at [C:\workspace\8-2-build-windows-amd64-cygwin\jdk8u192\11897\hotspot\src\share\vm\prims\jni.cpp, line 1613]
Event: 17.524 Thread 0x000000001f670800 Exception <a 'java/lang/NoSuchMethodError': <clinit>> (0x000000076f7ee398) thrown at [C:\workspace\8-2-build-windows-amd64-cygwin\jdk8u192\11897\hotspot\src\share\vm\prims\jni.cpp, line 1613]
Event: 17.524 Thread 0x000000001f670800 Exception <a 'java/lang/NoSuchMethodError': <clinit>> (0x000000076f8020f8) thrown at [C:\workspace\8-2-build-windows-amd64-cygwin\jdk8u192\11897\hotspot\src\share\vm\prims\jni.cpp, line 1613]
Event: 17.854 Thread 0x0000000021107800 Exception <a 'java/lang/UnsatisfiedLinkError': Cannot load zlib1.dll> (0x0000000770794f30) thrown at [C:\workspace\8-2-build-windows-amd64-cygwin\jdk8u192\11897\hotspot\src\share\vm\prims\jni.cpp, line 735]
Event: 24.361 Thread 0x0000000021107800 Exception <a 'java/lang/NoSuchMethodError': <clinit>> (0x00000007ac759600) thrown at [C:\workspace\8-2-build-windows-amd64-cygwin\jdk8u192\11897\hotspot\src\share\vm\prims\jni.cpp, line 1613]
Event: 24.380 Thread 0x000000002110c800 Exception <a 'java/lang/NoSuchMethodError': <clinit>> (0x00000007b3dbcbf0) thrown at [C:\workspace\8-2-build-windows-amd64-cygwin\jdk8u192\11897\hotspot\src\share\vm\prims\jni.cpp, line 1613]
Event: 24.380 Thread 0x0000000021107800 Exception <a 'java/lang/NoSuchMethodError': <clinit>> (0x00000007ac797f50) thrown at [C:\workspace\8-2-build-windows-amd64-cygwin\jdk8u192\11897\hotspot\src\share\vm\prims\jni.cpp, line 1613]
Event: 24.408 Thread 0x000000002110c800 Implicit null exception at 0x0000000003588bbb to 0x0000000003588c61
Event: 26.836 Thread 0x000000002110c800 Exception <a 'java/lang/OutOfMemoryError'> (0x00000007902db4c0) thrown at [C:\workspace\8-2-build-windows-amd64-cygwin\jdk8u192\11897\hotspot\src\share\vm\prims\jni.cpp, line 735]

Events (10 events):
Event: 24.515 Executing VM operation: RevokeBias
Event: 24.515 Executing VM operation: RevokeBias done
Event: 24.516 Thread 0x000000002110b000 Thread added: 0x000000002110b000
Event: 24.516 Thread 0x000000001f670800 Uncommon trap: trap_request=0xffffffde fr.pc=0x0000000003492cb8
Event: 24.516 Thread 0x000000001f670800 DEOPT PACKING pc=0x0000000003492cb8 sp=0x00000000219cee50
Event: 24.516 Thread 0x000000001f670800 DEOPT UNPACKING pc=0x0000000002f9583b sp=0x00000000219cedc0 mode 2
Event: 25.811 Executing VM operation: ParallelGCFailedAllocation
Event: 25.813 Executing VM operation: ParallelGCFailedAllocation done
Event: 26.836 loading class org/apache/spark/TaskContextImpl$$anonfun$markTaskFailed$1
Event: 26.836 loading class org/apache/spark/TaskContextImpl$$anonfun$markTaskFailed$1 done


Dynamic libraries:
0x00007ff6de8c0000 - 0x00007ff6de8f7000 	D:\java\jdk1.8.0_192\bin\java.exe
0x00007ffa59220000 - 0x00007ffa5940d000 	C:\WINDOWS\SYSTEM32\ntdll.dll
0x00007ffa590d0000 - 0x00007ffa59183000 	C:\WINDOWS\System32\KERNEL32.DLL
0x00007ffa552f0000 - 0x00007ffa55583000 	C:\WINDOWS\System32\KERNELBASE.dll
0x00007ffa56d40000 - 0x00007ffa56de3000 	C:\WINDOWS\System32\ADVAPI32.dll
0x00007ffa57420000 - 0x00007ffa574be000 	C:\WINDOWS\System32\msvcrt.dll
0x00007ffa56860000 - 0x00007ffa568fe000 	C:\WINDOWS\System32\sechost.dll
0x00007ffa58fa0000 - 0x00007ffa590c2000 	C:\WINDOWS\System32\RPCRT4.dll
0x00007ffa56ab0000 - 0x00007ffa56c47000 	C:\WINDOWS\System32\USER32.dll
0x00007ffa56200000 - 0x00007ffa56220000 	C:\WINDOWS\System32\win32u.dll
0x00007ffa56df0000 - 0x00007ffa56e19000 	C:\WINDOWS\System32\GDI32.dll
0x00007ffa55770000 - 0x00007ffa5590a000 	C:\WINDOWS\System32\gdi32full.dll
0x00007ffa56130000 - 0x00007ffa561d0000 	C:\WINDOWS\System32\msvcp_win.dll
0x00007ffa56220000 - 0x00007ffa5631a000 	C:\WINDOWS\System32\ucrtbase.dll
0x00007ffa4bc40000 - 0x00007ffa4beb9000 	C:\WINDOWS\WinSxS\amd64_microsoft.windows.common-controls_6595b64144ccf1df_6.0.17763.557_none_05b63f68071e5b9f\COMCTL32.dll
0x00007ffa564b0000 - 0x00007ffa567dc000 	C:\WINDOWS\System32\combase.dll
0x00007ffa563d0000 - 0x00007ffa5644e000 	C:\WINDOWS\System32\bcryptPrimitives.dll
0x00007ffa56c50000 - 0x00007ffa56c7e000 	C:\WINDOWS\System32\IMM32.DLL
0x000000005bc70000 - 0x000000005bd41000 	D:\java\jdk1.8.0_192\jre\bin\msvcr100.dll
0x0000000059530000 - 0x0000000059dd3000 	D:\java\jdk1.8.0_192\jre\bin\server\jvm.dll
0x00007ffa56ee0000 - 0x00007ffa56ee8000 	C:\WINDOWS\System32\PSAPI.DLL
0x00007ffa43530000 - 0x00007ffa43539000 	C:\WINDOWS\SYSTEM32\WSOCK32.dll
0x00007ffa51fd0000 - 0x00007ffa51ff4000 	C:\WINDOWS\SYSTEM32\WINMM.dll
0x00007ffa4fe20000 - 0x00007ffa4fe2a000 	C:\WINDOWS\SYSTEM32\VERSION.dll
0x00007ffa574c0000 - 0x00007ffa5752d000 	C:\WINDOWS\System32\WS2_32.dll
0x00007ffa51fa0000 - 0x00007ffa51fcd000 	C:\WINDOWS\SYSTEM32\WINMMBASE.dll
0x00007ffa55930000 - 0x00007ffa5597a000 	C:\WINDOWS\System32\cfgmgr32.dll
0x00007ffa4d1f0000 - 0x00007ffa4d1ff000 	D:\java\jdk1.8.0_192\jre\bin\verify.dll
0x00007ffa4d1c0000 - 0x00007ffa4d1e9000 	D:\java\jdk1.8.0_192\jre\bin\java.dll
0x00007ffa4d090000 - 0x00007ffa4d0b3000 	D:\java\jdk1.8.0_192\jre\bin\instrument.dll
0x00007ffa4d170000 - 0x00007ffa4d186000 	D:\java\jdk1.8.0_192\jre\bin\zip.dll
0x00007ffa57530000 - 0x00007ffa58a20000 	C:\WINDOWS\System32\SHELL32.dll
0x00007ffa57370000 - 0x00007ffa57418000 	C:\WINDOWS\System32\shcore.dll
0x00007ffa559e0000 - 0x00007ffa5612a000 	C:\WINDOWS\System32\windows.storage.dll
0x00007ffa55260000 - 0x00007ffa55284000 	C:\WINDOWS\System32\profapi.dll
0x00007ffa55290000 - 0x00007ffa552ed000 	C:\WINDOWS\System32\powrprof.dll
0x00007ffa59190000 - 0x00007ffa591e2000 	C:\WINDOWS\System32\shlwapi.dll
0x00007ffa55220000 - 0x00007ffa55231000 	C:\WINDOWS\System32\kernel.appcore.dll
0x00007ffa55910000 - 0x00007ffa55927000 	C:\WINDOWS\System32\cryptsp.dll
0x00007ffa4d020000 - 0x00007ffa4d03a000 	D:\Program Files\IntelliJ IDEA 2018.2\bin\breakgen64.dll
0x00007ffa4cd10000 - 0x00007ffa4cd2a000 	D:\java\jdk1.8.0_192\jre\bin\net.dll
0x00007ffa54a50000 - 0x00007ffa54ab7000 	C:\WINDOWS\system32\mswsock.dll
0x00007ffa44f40000 - 0x00007ffa44f56000 	C:\WINDOWS\system32\napinsp.dll
0x00007ffa4dd10000 - 0x00007ffa4dd2a000 	C:\WINDOWS\system32\pnrpnsp.dll
0x00007ffa547b0000 - 0x00007ffa54876000 	C:\WINDOWS\SYSTEM32\DNSAPI.dll
0x00007ffa56c80000 - 0x00007ffa56c88000 	C:\WINDOWS\System32\NSI.dll
0x00007ffa54760000 - 0x00007ffa5479d000 	C:\WINDOWS\SYSTEM32\IPHLPAPI.DLL
0x00007ffa4d640000 - 0x00007ffa4d64e000 	C:\WINDOWS\System32\winrnr.dll
0x00007ffa51c20000 - 0x00007ffa51c3b000 	C:\WINDOWS\system32\NLAapi.dll
0x00007ffa43f30000 - 0x00007ffa43f45000 	C:\WINDOWS\system32\wshbth.dll
0x00007ffa4db50000 - 0x00007ffa4db5a000 	C:\Windows\System32\rasadhlp.dll
0x00007ffa4dc90000 - 0x00007ffa4dd09000 	C:\WINDOWS\System32\fwpuclnt.dll
0x00007ffa561d0000 - 0x00007ffa561f6000 	C:\WINDOWS\System32\bcrypt.dll
0x00007ffa4ce50000 - 0x00007ffa4ce5d000 	D:\java\jdk1.8.0_192\jre\bin\management.dll
0x00007ffa4aa30000 - 0x00007ffa4aa4c000 	E:\bigdata\hadoop-3.0.3\bin\hadoop.dll
0x00007ffa543a0000 - 0x00007ffa543eb000 	C:\WINDOWS\SYSTEM32\AUTHZ.dll
0x00007ffa466e0000 - 0x00007ffa466f7000 	C:\WINDOWS\SYSTEM32\NETAPI32.dll
0x00007ffa547a0000 - 0x00007ffa547ae000 	C:\WINDOWS\SYSTEM32\NETUTILS.DLL
0x00007ffa4df70000 - 0x00007ffa4df88000 	C:\WINDOWS\SYSTEM32\SAMCLI.DLL
0x00007ffa4d660000 - 0x00007ffa4d668000 	D:\java\jdk1.8.0_192\jre\bin\jaas_nt.dll
0x00007ffa4ac90000 - 0x00007ffa4aca1000 	D:\java\jdk1.8.0_192\jre\bin\nio.dll
0x00007ffa545c0000 - 0x00007ffa545f3000 	C:\WINDOWS\system32\rsaenh.dll
0x00007ffa55120000 - 0x00007ffa55148000 	C:\WINDOWS\SYSTEM32\USERENV.dll
0x00007ffa54bd0000 - 0x00007ffa54bdc000 	C:\WINDOWS\SYSTEM32\CRYPTBASE.dll
0x00007ffa4e620000 - 0x00007ffa4e636000 	C:\WINDOWS\SYSTEM32\dhcpcsvc6.DLL
0x00007ffa4e660000 - 0x00007ffa4e67c000 	C:\WINDOWS\SYSTEM32\dhcpcsvc.DLL
0x00007ffa542a0000 - 0x00007ffa542d1000 	C:\WINDOWS\SYSTEM32\ntmarta.dll
0x0000000066f40000 - 0x0000000066f6d000 	C:\Users\wqkant\AppData\Local\Temp\liblz4-java8086686763939046405.so

VM Arguments:
jvm_args: -javaagent:D:\Program Files\IntelliJ IDEA 2018.2\lib\idea_rt.jar=52970:D:\Program Files\IntelliJ IDEA 2018.2\bin -Dfile.encoding=UTF-8 
java_command: com.vova.synchronize.RecallPoolReport 2019/07/13 2019/07/13
java_class_path (initial): D:\java\jdk1.8.0_192\jre\lib\charsets.jar;D:\java\jdk1.8.0_192\jre\lib\deploy.jar;D:\java\jdk1.8.0_192\jre\lib\ext\access-bridge-64.jar;D:\java\jdk1.8.0_192\jre\lib\ext\cldrdata.jar;D:\java\jdk1.8.0_192\jre\lib\ext\dnsns.jar;D:\java\jdk1.8.0_192\jre\lib\ext\jaccess.jar;D:\java\jdk1.8.0_192\jre\lib\ext\jfxrt.jar;D:\java\jdk1.8.0_192\jre\lib\ext\localedata.jar;D:\java\jdk1.8.0_192\jre\lib\ext\nashorn.jar;D:\java\jdk1.8.0_192\jre\lib\ext\sunec.jar;D:\java\jdk1.8.0_192\jre\lib\ext\sunjce_provider.jar;D:\java\jdk1.8.0_192\jre\lib\ext\sunmscapi.jar;D:\java\jdk1.8.0_192\jre\lib\ext\sunpkcs11.jar;D:\java\jdk1.8.0_192\jre\lib\ext\zipfs.jar;D:\java\jdk1.8.0_192\jre\lib\javaws.jar;D:\java\jdk1.8.0_192\jre\lib\jce.jar;D:\java\jdk1.8.0_192\jre\lib\jfr.jar;D:\java\jdk1.8.0_192\jre\lib\jfxswt.jar;D:\java\jdk1.8.0_192\jre\lib\jsse.jar;D:\java\jdk1.8.0_192\jre\lib\management-agent.jar;D:\java\jdk1.8.0_192\jre\lib\plugin.jar;D:\java\jdk1.8.0_192\jre\lib\resources.jar;D:\java\jdk1.8.0_192\jre\lib\rt.jar;D:\work\report-1.0\target\scala-2.11\classes;C:\Users\wqkant\.ivy2\cache\aopalliance\aopalliance\jars\aopalliance-1.0.jar;C:\Users\wqkant\.ivy2\cache\oro\oro\jars\oro-2.0.8.jar;C:\Users\wqkant\.ivy2\cache\org.xerial.snappy\snappy-java\bundles\snappy-java-1.1.7.3.jar;C:\Users\wqkant\.ivy2\cache\org.typelevel\macro-compat_2.11\jars\macro-compat_2.11-1.1.1.jar;C:\Users\wqkant\.ivy2\cache\org.typelevel\machinist_2.11\jars\machinist_2.11-0.6.6.jar;C:\Users\wqkant\.ivy2\cache\org.typelevel\jawn-parser_2.11\jars\jawn-parser_2.11-0.14.1.jar;C:\Users\wqkant\.ivy2\cache\org.typelevel\cats-macros_2.11\jars\cats-macros_2.11-1.6.0.jar;C:\Users\wqkant\.ivy2\cache\org.typelevel\cats-kernel_2.11\jars\cats-kernel_2.11-1.6.0.jar;C:\Users\wqkant\.ivy2\cache\org.typelevel\cats-core_2.11\jars\cats-core_2.11-1.6.0.jar;C:\Users\wqkant\.ivy2\cache\org.tukaani\xz\jars\xz-1.5.jar;C:\Users\wqkant\.ivy2\cache\org.spark-project.spark\unused\jars\unused-1.0.0.jar;C:\Users\wqkant\.ivy2\c
Launcher Type: SUN_STANDARD

Environment Variables:
JAVA_HOME=D:\java\jdk1.8.0_192
CLASSPATH=.;D:\java\jdk1.8.0_192\lib;D:\java\jdk1.8.0_192\lib\tools.jar
PATH=E:\anaconda;E:\anaconda\Library\mingw-w64\bin;E:\anaconda\Library\usr\bin;E:\anaconda\Library\bin;E:\anaconda\Scripts;D:\Program Files\xshell\;C:\ProgramData\DockerDesktop\version-bin;C:\Program Files\Docker\Docker\Resources\bin;C:\Program Files (x86)\Common Files\Oracle\Java\javapath;C:\ProgramData\Oracle\Java\javapath;C:\WINDOWS\system32;C:\WINDOWS;C:\WINDOWS\System32\Wbem;C:\WINDOWS\System32\WindowsPowerShell\v1.0\;C:\Program Files\Git\cmd;D:\java\jdk1.8.0_192\bin;D:\Program Files\apache-maven-3.6.0\bin;D:\Program Files\apache-tomcat-8.5.32\bin;D:\Program Files\apache-tomcat-8.5.32\lib;C:\ProgramData\ComposerSetup\bin;C:\Program Files\nodejs\;D:\elk\elasticsearch-6.3.2\bin;D:\zwnmp\php5.6;D:\zwnmp\php5.6\ext;C:\Program Files (x86)\Yarn\bin\;C:\Program Files\Microsoft VS Code\bin;D:\zwnmp\;C:\Program Files\MySQL\MySQL Utilities 1.6\;C:\Program Files (x86)\scala\bin;C:\WINDOWS\System32\OpenSSH\;E:\bigdata\hadoop-3.0.3\bin;D:\bigdata\spark-2.4.0-bin-hadoop2.7\bin;D:\java\jdk1.8.0_192\jre;D:\bigdata\Amazon\AWSCLI;D:\bigdata\Amazon\AWSCLI\bin;C:\Program Files (x86)\sbt\bin;D:\bigdata\gatling-charts-highcharts-bundle-3.0.0\bin;D:\Program Files\Vagrant\bin;%HIVE_HOME%\bin;D:\Program Files\;D:\Go\bin;C:\Users\wqkant\AppData\Local\Microsoft\WindowsApps;C:\Users\wqkant\AppData\Roaming\Composer\vendor\bin;C:\Users\wqkant\AppData\Roaming\npm;C:\Users\wqkant\AppData\Local\Yarn\bin;C:\Users\wqkant\go\bin;D:\Program Files\GoLand 2018.3.3\bin;;
USERNAME=wqkant
OS=Windows_NT
PROCESSOR_IDENTIFIER=Intel64 Family 6 Model 94 Stepping 3, GenuineIntel



---------------  S Y S T E M  ---------------

OS: Windows 10.0 , 64 bit Build 17763 (10.0.17763.475)

CPU:total 4 (initial active 4) (4 cores per cpu, 1 threads per core) family 6 model 94 stepping 3, cmov, cx8, fxsr, mmx, sse, sse2, sse3, ssse3, sse4.1, sse4.2, popcnt, avx, avx2, aes, clmul, erms, rtm, 3dnowpref, lzcnt, tsc, tscinvbit, bmi1, bmi2, adx

Memory: 4k page, physical 16700344k(1666352k free), swap 32327072k(5484k free)

vm_info: Java HotSpot(TM) 64-Bit Server VM (25.192-b12) for windows-amd64 JRE (1.8.0_192-b12), built on Oct  6 2018 17:12:23 by "java_re" with MS VC++ 10.0 (VS2010)

time: Sat Jul 13 17:23:59 2019
timezone: 中国标准时间
elapsed time: 26 seconds (0d 0h 0m 26s)

